<?xml version="1.0" encoding="UTF-8"?>
<testng-results skipped="0" failed="4" ignored="0" total="50" passed="46">
  <reporter-output>
  </reporter-output>
  <suite name="s1" duration-ms="876767" started-at="2020-12-09T10:15:07 CST" finished-at="2020-12-09T10:29:44 CST">
    <groups>
    </groups>
    <test name="t2" duration-ms="876767" started-at="2020-12-09T10:15:07 CST" finished-at="2020-12-09T10:29:44 CST">
      <class name="com.webtest.demo.Drop_down_list">
        <test-method status="PASS" signature="doBeforeClass()[pri:0, instance:com.webtest.demo.Drop_down_list@7c29daf3]" name="doBeforeClass" is-config="true" duration-ms="5093" started-at="2020-12-09T10:15:07 CST" finished-at="2020-12-09T10:15:12 CST">
          <reporter-output>
          </reporter-output>
        </test-method> <!-- doBeforeClass -->
        <test-method status="PASS" signature="testBackLogin()[pri:1, instance:com.webtest.demo.Drop_down_list@7c29daf3]" name="testBackLogin" duration-ms="12685" started-at="2020-12-09T10:15:12 CST" finished-at="2020-12-09T10:15:25 CST">
          <reporter-output>
          </reporter-output>
        </test-method> <!-- testBackLogin -->
        <test-method status="PASS" signature="testLogin()[pri:2, instance:com.webtest.demo.Drop_down_list@7c29daf3]" name="testLogin" duration-ms="16582" started-at="2020-12-09T10:15:25 CST" finished-at="2020-12-09T10:15:42 CST">
          <reporter-output>
          </reporter-output>
        </test-method> <!-- testLogin -->
        <test-method status="PASS" signature="DropdownList_Show()[pri:3, instance:com.webtest.demo.Drop_down_list@7c29daf3]" name="DropdownList_Show" duration-ms="10693" started-at="2020-12-09T10:15:42 CST" finished-at="2020-12-09T10:15:52 CST">
          <reporter-output>
          </reporter-output>
        </test-method> <!-- DropdownList_Show -->
        <test-method status="PASS" signature="DropdownList_MediaEdit()[pri:4, instance:com.webtest.demo.Drop_down_list@7c29daf3]" name="DropdownList_MediaEdit" duration-ms="9652" started-at="2020-12-09T10:15:52 CST" finished-at="2020-12-09T10:16:02 CST">
          <reporter-output>
          </reporter-output>
        </test-method> <!-- DropdownList_MediaEdit -->
        <test-method status="PASS" signature="DropdownList_IndustryEdit()[pri:5, instance:com.webtest.demo.Drop_down_list@7c29daf3]" name="DropdownList_IndustryEdit" duration-ms="2074" started-at="2020-12-09T10:16:02 CST" finished-at="2020-12-09T10:16:04 CST">
          <reporter-output>
          </reporter-output>
        </test-method> <!-- DropdownList_IndustryEdit -->
        <test-method status="PASS" signature="DropdownList_CorporateEdit()[pri:6, instance:com.webtest.demo.Drop_down_list@7c29daf3]" name="DropdownList_CorporateEdit" duration-ms="13625" started-at="2020-12-09T10:16:04 CST" finished-at="2020-12-09T10:16:18 CST">
          <reporter-output>
          </reporter-output>
        </test-method> <!-- DropdownList_CorporateEdit -->
        <test-method status="PASS" signature="DropdownList_MediaNavigation_Head()[pri:7, instance:com.webtest.demo.Drop_down_list@7c29daf3]" name="DropdownList_MediaNavigation_Head" duration-ms="17639" started-at="2020-12-09T10:16:18 CST" finished-at="2020-12-09T10:16:35 CST">
          <reporter-output>
          </reporter-output>
        </test-method> <!-- DropdownList_MediaNavigation_Head -->
        <test-method status="PASS" signature="DropdownList_CorporateNavigation_Head()[pri:8, instance:com.webtest.demo.Drop_down_list@7c29daf3]" name="DropdownList_CorporateNavigation_Head" duration-ms="17667" started-at="2020-12-09T10:16:35 CST" finished-at="2020-12-09T10:16:53 CST">
          <reporter-output>
          </reporter-output>
        </test-method> <!-- DropdownList_CorporateNavigation_Head -->
        <test-method status="PASS" signature="DropdownList_IndustryNavigation_Head()[pri:9, instance:com.webtest.demo.Drop_down_list@7c29daf3]" name="DropdownList_IndustryNavigation_Head" duration-ms="17716" started-at="2020-12-09T10:16:53 CST" finished-at="2020-12-09T10:17:11 CST">
          <reporter-output>
          </reporter-output>
        </test-method> <!-- DropdownList_IndustryNavigation_Head -->
        <test-method status="PASS" signature="DropdownList_MediaNavigation_Bottom()[pri:10, instance:com.webtest.demo.Drop_down_list@7c29daf3]" name="DropdownList_MediaNavigation_Bottom" duration-ms="17720" started-at="2020-12-09T10:17:11 CST" finished-at="2020-12-09T10:17:28 CST">
          <reporter-output>
          </reporter-output>
        </test-method> <!-- DropdownList_MediaNavigation_Bottom -->
        <test-method status="PASS" signature="DropdownList_CorporateNavigation_Bottom()[pri:11, instance:com.webtest.demo.Drop_down_list@7c29daf3]" name="DropdownList_CorporateNavigation_Bottom" duration-ms="17746" started-at="2020-12-09T10:17:28 CST" finished-at="2020-12-09T10:17:46 CST">
          <reporter-output>
          </reporter-output>
        </test-method> <!-- DropdownList_CorporateNavigation_Bottom -->
        <test-method status="PASS" signature="DropdownList_IndustryNavigation_Bottom()[pri:12, instance:com.webtest.demo.Drop_down_list@7c29daf3]" name="DropdownList_IndustryNavigation_Bottom" duration-ms="17735" started-at="2020-12-09T10:17:46 CST" finished-at="2020-12-09T10:18:04 CST">
          <reporter-output>
          </reporter-output>
        </test-method> <!-- DropdownList_IndustryNavigation_Bottom -->
        <test-method status="PASS" signature="DropdownList_MediaNavigation_All()[pri:13, instance:com.webtest.demo.Drop_down_list@7c29daf3]" name="DropdownList_MediaNavigation_All" duration-ms="17709" started-at="2020-12-09T10:18:04 CST" finished-at="2020-12-09T10:18:22 CST">
          <reporter-output>
          </reporter-output>
        </test-method> <!-- DropdownList_MediaNavigation_All -->
        <test-method status="PASS" signature="DropdownList_CorporateNavigation_All()[pri:14, instance:com.webtest.demo.Drop_down_list@7c29daf3]" name="DropdownList_CorporateNavigation_All" duration-ms="17794" started-at="2020-12-09T10:18:22 CST" finished-at="2020-12-09T10:18:39 CST">
          <reporter-output>
          </reporter-output>
        </test-method> <!-- DropdownList_CorporateNavigation_All -->
        <test-method status="PASS" signature="DropdownList_IndustryNavigation_All()[pri:15, instance:com.webtest.demo.Drop_down_list@7c29daf3]" name="DropdownList_IndustryNavigation_All" duration-ms="17737" started-at="2020-12-09T10:18:39 CST" finished-at="2020-12-09T10:18:57 CST">
          <reporter-output>
          </reporter-output>
        </test-method> <!-- DropdownList_IndustryNavigation_All -->
        <test-method status="PASS" signature="DropdownList_MediaNewOpen()[pri:16, instance:com.webtest.demo.Drop_down_list@7c29daf3]" name="DropdownList_MediaNewOpen" duration-ms="17727" started-at="2020-12-09T10:18:57 CST" finished-at="2020-12-09T10:19:15 CST">
          <reporter-output>
          </reporter-output>
        </test-method> <!-- DropdownList_MediaNewOpen -->
        <test-method status="PASS" signature="DropdownList_CorporateNewOpen()[pri:17, instance:com.webtest.demo.Drop_down_list@7c29daf3]" name="DropdownList_CorporateNewOpen" duration-ms="17705" started-at="2020-12-09T10:19:15 CST" finished-at="2020-12-09T10:19:33 CST">
          <reporter-output>
          </reporter-output>
        </test-method> <!-- DropdownList_CorporateNewOpen -->
        <test-method status="PASS" signature="DropdownList_IndustryNewOpen()[pri:18, instance:com.webtest.demo.Drop_down_list@7c29daf3]" name="DropdownList_IndustryNewOpen" duration-ms="17774" started-at="2020-12-09T10:19:33 CST" finished-at="2020-12-09T10:19:50 CST">
          <reporter-output>
          </reporter-output>
        </test-method> <!-- DropdownList_IndustryNewOpen -->
        <test-method status="PASS" signature="DropdownList_MediaOrder()[pri:19, instance:com.webtest.demo.Drop_down_list@7c29daf3]" name="DropdownList_MediaOrder" duration-ms="17726" started-at="2020-12-09T10:19:50 CST" finished-at="2020-12-09T10:20:08 CST">
          <reporter-output>
          </reporter-output>
        </test-method> <!-- DropdownList_MediaOrder -->
        <test-method status="PASS" signature="DropdownList_CorporateOrder()[pri:20, instance:com.webtest.demo.Drop_down_list@7c29daf3]" name="DropdownList_CorporateOrder" duration-ms="17729" started-at="2020-12-09T10:20:08 CST" finished-at="2020-12-09T10:20:26 CST">
          <reporter-output>
          </reporter-output>
        </test-method> <!-- DropdownList_CorporateOrder -->
        <test-method status="PASS" signature="DropdownList_IndustryOrder()[pri:21, instance:com.webtest.demo.Drop_down_list@7c29daf3]" name="DropdownList_IndustryOrder" duration-ms="17744" started-at="2020-12-09T10:20:26 CST" finished-at="2020-12-09T10:20:44 CST">
          <reporter-output>
          </reporter-output>
        </test-method> <!-- DropdownList_IndustryOrder -->
        <test-method status="PASS" signature="DropdownList_AddChild()[pri:22, instance:com.webtest.demo.Drop_down_list@7c29daf3]" name="DropdownList_AddChild" duration-ms="17474" started-at="2020-12-09T10:20:44 CST" finished-at="2020-12-09T10:21:01 CST">
          <reporter-output>
          </reporter-output>
        </test-method> <!-- DropdownList_AddChild -->
        <test-method status="PASS" signature="DropdownList_AddChild1()[pri:23, instance:com.webtest.demo.Drop_down_list@7c29daf3]" name="DropdownList_AddChild1" duration-ms="17553" started-at="2020-12-09T10:21:01 CST" finished-at="2020-12-09T10:21:19 CST">
          <reporter-output>
          </reporter-output>
        </test-method> <!-- DropdownList_AddChild1 -->
        <test-method status="PASS" signature="DropdownList_AddChild_child()[pri:24, instance:com.webtest.demo.Drop_down_list@7c29daf3]" name="DropdownList_AddChild_child" duration-ms="19921" started-at="2020-12-09T10:21:19 CST" finished-at="2020-12-09T10:21:39 CST">
          <reporter-output>
          </reporter-output>
        </test-method> <!-- DropdownList_AddChild_child -->
        <test-method status="PASS" signature="DropdownList_up()[pri:25, instance:com.webtest.demo.Drop_down_list@7c29daf3]" name="DropdownList_up" duration-ms="22047" started-at="2020-12-09T10:21:39 CST" finished-at="2020-12-09T10:22:01 CST">
          <reporter-output>
          </reporter-output>
        </test-method> <!-- DropdownList_up -->
        <test-method status="PASS" signature="DropdownList_Move()[pri:26, instance:com.webtest.demo.Drop_down_list@7c29daf3]" name="DropdownList_Move" duration-ms="17842" started-at="2020-12-09T10:22:01 CST" finished-at="2020-12-09T10:22:18 CST">
          <reporter-output>
          </reporter-output>
        </test-method> <!-- DropdownList_Move -->
        <test-method status="PASS" signature="DropdownList_Delete()[pri:27, instance:com.webtest.demo.Drop_down_list@7c29daf3]" name="DropdownList_Delete" duration-ms="20695" started-at="2020-12-09T10:22:18 CST" finished-at="2020-12-09T10:22:39 CST">
          <reporter-output>
          </reporter-output>
        </test-method> <!-- DropdownList_Delete -->
        <test-method status="PASS" signature="DropdownList_EditAll()[pri:28, instance:com.webtest.demo.Drop_down_list@7c29daf3]" name="DropdownList_EditAll" duration-ms="16893" started-at="2020-12-09T10:22:39 CST" finished-at="2020-12-09T10:22:56 CST">
          <reporter-output>
          </reporter-output>
        </test-method> <!-- DropdownList_EditAll -->
        <test-method status="PASS" signature="DropdownList_EditMedia()[pri:29, instance:com.webtest.demo.Drop_down_list@7c29daf3]" name="DropdownList_EditMedia" duration-ms="25286" started-at="2020-12-09T10:22:56 CST" finished-at="2020-12-09T10:23:21 CST">
          <reporter-output>
          </reporter-output>
        </test-method> <!-- DropdownList_EditMedia -->
        <test-method status="PASS" signature="DropdownList_EditIndustry()[pri:30, instance:com.webtest.demo.Drop_down_list@7c29daf3]" name="DropdownList_EditIndustry" duration-ms="25511" started-at="2020-12-09T10:23:21 CST" finished-at="2020-12-09T10:23:47 CST">
          <reporter-output>
          </reporter-output>
        </test-method> <!-- DropdownList_EditIndustry -->
        <test-method status="PASS" signature="DropdownList_EditCorporate()[pri:31, instance:com.webtest.demo.Drop_down_list@7c29daf3]" name="DropdownList_EditCorporate" duration-ms="25520" started-at="2020-12-09T10:23:47 CST" finished-at="2020-12-09T10:24:12 CST">
          <reporter-output>
          </reporter-output>
        </test-method> <!-- DropdownList_EditCorporate -->
        <test-method status="FAIL" signature="DropdownList_Show2()[pri:32, instance:com.webtest.demo.Drop_down_list@7c29daf3]" name="DropdownList_Show2" duration-ms="3021" started-at="2020-12-09T10:24:12 CST" finished-at="2020-12-09T10:24:15 CST">
          <exception class="java.lang.NullPointerException">
            <message>
              <![CDATA[null value in entry: id=null]]>
            </message>
            <full-stacktrace>
              <![CDATA[java.lang.NullPointerException: null value in entry: id=null
at com.google.common.collect.CollectPreconditions.checkEntryNotNull(CollectPreconditions.java:32)
at com.google.common.collect.SingletonImmutableBiMap.<init>(SingletonImmutableBiMap.java:42)
at com.google.common.collect.ImmutableBiMap.of(ImmutableBiMap.java:72)
at com.google.common.collect.ImmutableMap.of(ImmutableMap.java:124)
at org.openqa.selenium.remote.RemoteWebDriver$RemoteTargetLocator.frame(RemoteWebDriver.java:892)
at com.webtest.core.WebDriverEngine.enterFrame1(WebDriverEngine.java:67)
at com.webtest.demo.Drop_down_list.DropdownList_Show2(Drop_down_list.java:625)
at sun.reflect.NativeMethodAccessorImpl.invoke0(Native Method)
at sun.reflect.NativeMethodAccessorImpl.invoke(Unknown Source)
at sun.reflect.DelegatingMethodAccessorImpl.invoke(Unknown Source)
at java.lang.reflect.Method.invoke(Unknown Source)
at org.testng.internal.MethodInvocationHelper.invokeMethod(MethodInvocationHelper.java:132)
at org.testng.internal.TestInvoker.invokeMethod(TestInvoker.java:599)
at org.testng.internal.TestInvoker.invokeTestMethod(TestInvoker.java:174)
at org.testng.internal.MethodRunner.runInSequence(MethodRunner.java:46)
at org.testng.internal.TestInvoker$MethodInvocationAgent.invoke(TestInvoker.java:822)
at org.testng.internal.TestInvoker.invokeTestMethods(TestInvoker.java:147)
at org.testng.internal.TestMethodWorker.invokeTestMethods(TestMethodWorker.java:146)
at org.testng.internal.TestMethodWorker.run(TestMethodWorker.java:128)
at java.util.ArrayList.forEach(Unknown Source)
at org.testng.TestRunner.privateRun(TestRunner.java:764)
at org.testng.TestRunner.run(TestRunner.java:585)
at org.testng.SuiteRunner.runTest(SuiteRunner.java:384)
at org.testng.SuiteRunner.runSequentially(SuiteRunner.java:378)
at org.testng.SuiteRunner.privateRun(SuiteRunner.java:337)
at org.testng.SuiteRunner.run(SuiteRunner.java:286)
at org.testng.SuiteRunnerWorker.runSuite(SuiteRunnerWorker.java:53)
at org.testng.SuiteRunnerWorker.run(SuiteRunnerWorker.java:96)
at org.testng.TestNG.runSuitesSequentially(TestNG.java:1218)
at org.testng.TestNG.runSuitesLocally(TestNG.java:1140)
at org.testng.TestNG.runSuites(TestNG.java:1069)
at org.testng.TestNG.run(TestNG.java:1037)
at org.testng.remote.AbstractRemoteTestNG.run(AbstractRemoteTestNG.java:115)
at org.testng.remote.RemoteTestNG.initAndRun(RemoteTestNG.java:251)
at org.testng.remote.RemoteTestNG.main(RemoteTestNG.java:77)
]]>
            </full-stacktrace>
          </exception> <!-- java.lang.NullPointerException -->
          <reporter-output>
          </reporter-output>
        </test-method> <!-- DropdownList_Show2 -->
        <test-method status="PASS" signature="Search_Engines()[pri:33, instance:com.webtest.demo.Drop_down_list@7c29daf3]" name="Search_Engines" duration-ms="10732" started-at="2020-12-09T10:24:15 CST" finished-at="2020-12-09T10:24:26 CST">
          <reporter-output>
          </reporter-output>
        </test-method> <!-- Search_Engines -->
        <test-method status="FAIL" signature="Search_EnginesSet()[pri:34, instance:com.webtest.demo.Drop_down_list@7c29daf3]" name="Search_EnginesSet" duration-ms="11172" started-at="2020-12-09T10:24:26 CST" finished-at="2020-12-09T10:24:37 CST">
          <exception class="java.lang.IndexOutOfBoundsException">
            <message>
              <![CDATA[Index: 0, Size: 0]]>
            </message>
            <full-stacktrace>
              <![CDATA[java.lang.IndexOutOfBoundsException: Index: 0, Size: 0
at java.util.ArrayList.rangeCheck(Unknown Source)
at java.util.ArrayList.get(Unknown Source)
at com.webtest.demo.Drop_down_list.Search_EnginesSet(Drop_down_list.java:664)
at sun.reflect.NativeMethodAccessorImpl.invoke0(Native Method)
at sun.reflect.NativeMethodAccessorImpl.invoke(Unknown Source)
at sun.reflect.DelegatingMethodAccessorImpl.invoke(Unknown Source)
at java.lang.reflect.Method.invoke(Unknown Source)
at org.testng.internal.MethodInvocationHelper.invokeMethod(MethodInvocationHelper.java:132)
at org.testng.internal.TestInvoker.invokeMethod(TestInvoker.java:599)
at org.testng.internal.TestInvoker.invokeTestMethod(TestInvoker.java:174)
at org.testng.internal.MethodRunner.runInSequence(MethodRunner.java:46)
at org.testng.internal.TestInvoker$MethodInvocationAgent.invoke(TestInvoker.java:822)
at org.testng.internal.TestInvoker.invokeTestMethods(TestInvoker.java:147)
at org.testng.internal.TestMethodWorker.invokeTestMethods(TestMethodWorker.java:146)
at org.testng.internal.TestMethodWorker.run(TestMethodWorker.java:128)
at java.util.ArrayList.forEach(Unknown Source)
at org.testng.TestRunner.privateRun(TestRunner.java:764)
at org.testng.TestRunner.run(TestRunner.java:585)
at org.testng.SuiteRunner.runTest(SuiteRunner.java:384)
at org.testng.SuiteRunner.runSequentially(SuiteRunner.java:378)
at org.testng.SuiteRunner.privateRun(SuiteRunner.java:337)
at org.testng.SuiteRunner.run(SuiteRunner.java:286)
at org.testng.SuiteRunnerWorker.runSuite(SuiteRunnerWorker.java:53)
at org.testng.SuiteRunnerWorker.run(SuiteRunnerWorker.java:96)
at org.testng.TestNG.runSuitesSequentially(TestNG.java:1218)
at org.testng.TestNG.runSuitesLocally(TestNG.java:1140)
at org.testng.TestNG.runSuites(TestNG.java:1069)
at org.testng.TestNG.run(TestNG.java:1037)
at org.testng.remote.AbstractRemoteTestNG.run(AbstractRemoteTestNG.java:115)
at org.testng.remote.RemoteTestNG.initAndRun(RemoteTestNG.java:251)
at org.testng.remote.RemoteTestNG.main(RemoteTestNG.java:77)
]]>
            </full-stacktrace>
          </exception> <!-- java.lang.IndexOutOfBoundsException -->
          <reporter-output>
          </reporter-output>
        </test-method> <!-- Search_EnginesSet -->
        <test-method status="PASS" signature="Search_Recommend()[pri:35, instance:com.webtest.demo.Drop_down_list@7c29daf3]" name="Search_Recommend" duration-ms="29021" started-at="2020-12-09T10:24:37 CST" finished-at="2020-12-09T10:25:06 CST">
          <reporter-output>
          </reporter-output>
        </test-method> <!-- Search_Recommend -->
        <test-method status="PASS" signature="Search_CancelRecommend()[pri:36, instance:com.webtest.demo.Drop_down_list@7c29daf3]" name="Search_CancelRecommend" duration-ms="15764" started-at="2020-12-09T10:25:06 CST" finished-at="2020-12-09T10:25:22 CST">
          <reporter-output>
          </reporter-output>
        </test-method> <!-- Search_CancelRecommend -->
        <test-method status="PASS" signature="Search_Topping()[pri:37, instance:com.webtest.demo.Drop_down_list@7c29daf3]" name="Search_Topping" duration-ms="12732" started-at="2020-12-09T10:25:22 CST" finished-at="2020-12-09T10:25:35 CST">
          <reporter-output>
          </reporter-output>
        </test-method> <!-- Search_Topping -->
        <test-method status="PASS" signature="Search_CancelTopping()[pri:38, instance:com.webtest.demo.Drop_down_list@7c29daf3]" name="Search_CancelTopping" duration-ms="17716" started-at="2020-12-09T10:25:35 CST" finished-at="2020-12-09T10:25:52 CST">
          <reporter-output>
          </reporter-output>
        </test-method> <!-- Search_CancelTopping -->
        <test-method status="PASS" signature="Search_Hide()[pri:39, instance:com.webtest.demo.Drop_down_list@7c29daf3]" name="Search_Hide" duration-ms="17719" started-at="2020-12-09T10:25:52 CST" finished-at="2020-12-09T10:26:10 CST">
          <reporter-output>
          </reporter-output>
        </test-method> <!-- Search_Hide -->
        <test-method status="PASS" signature="Search_CancelHide()[pri:40, instance:com.webtest.demo.Drop_down_list@7c29daf3]" name="Search_CancelHide" duration-ms="17753" started-at="2020-12-09T10:26:10 CST" finished-at="2020-12-09T10:26:28 CST">
          <reporter-output>
          </reporter-output>
        </test-method> <!-- Search_CancelHide -->
        <test-method status="PASS" signature="Search_Copy()[pri:41, instance:com.webtest.demo.Drop_down_list@7c29daf3]" name="Search_Copy" duration-ms="30739" started-at="2020-12-09T10:26:28 CST" finished-at="2020-12-09T10:26:59 CST">
          <reporter-output>
          </reporter-output>
        </test-method> <!-- Search_Copy -->
        <test-method status="PASS" signature="Search_CopyEnglish()[pri:42, instance:com.webtest.demo.Drop_down_list@7c29daf3]" name="Search_CopyEnglish" duration-ms="22208" started-at="2020-12-09T10:26:59 CST" finished-at="2020-12-09T10:27:21 CST">
          <reporter-output>
          </reporter-output>
        </test-method> <!-- Search_CopyEnglish -->
        <test-method status="PASS" signature="Search_RecycleBin()[pri:43, instance:com.webtest.demo.Drop_down_list@7c29daf3]" name="Search_RecycleBin" duration-ms="12716" started-at="2020-12-09T10:27:21 CST" finished-at="2020-12-09T10:27:34 CST">
          <reporter-output>
          </reporter-output>
        </test-method> <!-- Search_RecycleBin -->
        <test-method status="PASS" signature="Search_RecycleBin_Reduction()[pri:44, instance:com.webtest.demo.Drop_down_list@7c29daf3]" name="Search_RecycleBin_Reduction" duration-ms="18061" started-at="2020-12-09T10:27:34 CST" finished-at="2020-12-09T10:27:52 CST">
          <reporter-output>
          </reporter-output>
        </test-method> <!-- Search_RecycleBin_Reduction -->
        <test-method status="PASS" signature="Search_Delete_completely()[pri:45, instance:com.webtest.demo.Drop_down_list@7c29daf3]" name="Search_Delete_completely" duration-ms="28476" started-at="2020-12-09T10:27:52 CST" finished-at="2020-12-09T10:28:20 CST">
          <reporter-output>
          </reporter-output>
        </test-method> <!-- Search_Delete_completely -->
        <test-method status="PASS" signature="Search_AddWord()[pri:46, instance:com.webtest.demo.Drop_down_list@7c29daf3]" name="Search_AddWord" duration-ms="27249" started-at="2020-12-09T10:28:20 CST" finished-at="2020-12-09T10:28:47 CST">
          <reporter-output>
          </reporter-output>
        </test-method> <!-- Search_AddWord -->
        <test-method status="PASS" signature="Search_EditPicture()[pri:47, instance:com.webtest.demo.Drop_down_list@7c29daf3]" name="Search_EditPicture" duration-ms="20151" started-at="2020-12-09T10:28:47 CST" finished-at="2020-12-09T10:29:08 CST">
          <reporter-output>
          </reporter-output>
        </test-method> <!-- Search_EditPicture -->
        <test-method status="FAIL" signature="Search_EditPicture_Delete()[pri:48, instance:com.webtest.demo.Drop_down_list@7c29daf3]" name="Search_EditPicture_Delete" duration-ms="13" started-at="2020-12-09T10:29:08 CST" finished-at="2020-12-09T10:29:08 CST">
          <exception class="org.openqa.selenium.ElementClickInterceptedException">
            <message>
              <![CDATA[Element <input class="checkall-item custom-control-input" name="id" type="checkbox"> is not clickable at point (277,197) because another element <label class="form-control-label"> obscures it
Build info: version: '3.141.59', revision: 'e82be7d358', time: '2018-11-14T08:25:53'
System info: host: 'XIONGBEAUTY', ip: '192.168.137.96', os.name: 'Windows 10', os.arch: 'amd64', os.version: '10.0', java.version: '1.8.0_231'
Driver info: org.openqa.selenium.firefox.FirefoxDriver
Capabilities {acceptInsecureCerts: true, browserName: firefox, browserVersion: 82.0.3, javascriptEnabled: true, moz:accessibilityChecks: false, moz:buildID: 20201108180448, moz:geckodriverVersion: 0.28.0, moz:headless: false, moz:processID: 8560, moz:profile: C:\Users\Administrator\AppD..., moz:shutdownTimeout: 60000, moz:useNonSpecCompliantPointerOrigin: false, moz:webdriverClick: true, pageLoadStrategy: normal, platform: WINDOWS, platformName: WINDOWS, platformVersion: 10.0, rotatable: false, setWindowRect: true, strictFileInteractability: false, timeouts: {implicit: 0, pageLoad: 300000, script: 30000}, unhandledPromptBehavior: dismiss and notify}
Session ID: 5a57b429-5ce2-45ac-b737-7d922a55b5e2]]>
            </message>
            <full-stacktrace>
              <![CDATA[org.openqa.selenium.ElementClickInterceptedException: Element <input class="checkall-item custom-control-input" name="id" type="checkbox"> is not clickable at point (277,197) because another element <label class="form-control-label"> obscures it
Build info: version: '3.141.59', revision: 'e82be7d358', time: '2018-11-14T08:25:53'
System info: host: 'XIONGBEAUTY', ip: '192.168.137.96', os.name: 'Windows 10', os.arch: 'amd64', os.version: '10.0', java.version: '1.8.0_231'
Driver info: org.openqa.selenium.firefox.FirefoxDriver
Capabilities {acceptInsecureCerts: true, browserName: firefox, browserVersion: 82.0.3, javascriptEnabled: true, moz:accessibilityChecks: false, moz:buildID: 20201108180448, moz:geckodriverVersion: 0.28.0, moz:headless: false, moz:processID: 8560, moz:profile: C:\Users\Administrator\AppD..., moz:shutdownTimeout: 60000, moz:useNonSpecCompliantPointerOrigin: false, moz:webdriverClick: true, pageLoadStrategy: normal, platform: WINDOWS, platformName: WINDOWS, platformVersion: 10.0, rotatable: false, setWindowRect: true, strictFileInteractability: false, timeouts: {implicit: 0, pageLoad: 300000, script: 30000}, unhandledPromptBehavior: dismiss and notify}
Session ID: 5a57b429-5ce2-45ac-b737-7d922a55b5e2
at sun.reflect.NativeConstructorAccessorImpl.newInstance0(Native Method)
at sun.reflect.NativeConstructorAccessorImpl.newInstance(Unknown Source)
at sun.reflect.DelegatingConstructorAccessorImpl.newInstance(Unknown Source)
at java.lang.reflect.Constructor.newInstance(Unknown Source)
at org.openqa.selenium.remote.http.W3CHttpResponseCodec.createException(W3CHttpResponseCodec.java:187)
at org.openqa.selenium.remote.http.W3CHttpResponseCodec.decode(W3CHttpResponseCodec.java:122)
at org.openqa.selenium.remote.http.W3CHttpResponseCodec.decode(W3CHttpResponseCodec.java:49)
at org.openqa.selenium.remote.HttpCommandExecutor.execute(HttpCommandExecutor.java:158)
at org.openqa.selenium.remote.service.DriverCommandExecutor.execute(DriverCommandExecutor.java:83)
at org.openqa.selenium.remote.RemoteWebDriver.execute(RemoteWebDriver.java:552)
at org.openqa.selenium.remote.RemoteWebElement.execute(RemoteWebElement.java:285)
at org.openqa.selenium.remote.RemoteWebElement.click(RemoteWebElement.java:84)
at com.webtest.core.WebDriverEngine.click(WebDriverEngine.java:150)
at com.webtest.demo.Drop_down_list.Search_EditPicture_Delete(Drop_down_list.java:1095)
at sun.reflect.NativeMethodAccessorImpl.invoke0(Native Method)
at sun.reflect.NativeMethodAccessorImpl.invoke(Unknown Source)
at sun.reflect.DelegatingMethodAccessorImpl.invoke(Unknown Source)
at java.lang.reflect.Method.invoke(Unknown Source)
at org.testng.internal.MethodInvocationHelper.invokeMethod(MethodInvocationHelper.java:132)
at org.testng.internal.TestInvoker.invokeMethod(TestInvoker.java:599)
at org.testng.internal.TestInvoker.invokeTestMethod(TestInvoker.java:174)
at org.testng.internal.MethodRunner.runInSequence(MethodRunner.java:46)
at org.testng.internal.TestInvoker$MethodInvocationAgent.invoke(TestInvoker.java:822)
at org.testng.internal.TestInvoker.invokeTestMethods(TestInvoker.java:147)
at org.testng.internal.TestMethodWorker.invokeTestMethods(TestMethodWorker.java:146)
at org.testng.internal.TestMethodWorker.run(TestMethodWorker.java:128)
at java.util.ArrayList.forEach(Unknown Source)
at org.testng.TestRunner.privateRun(TestRunner.java:764)
at org.testng.TestRunner.run(TestRunner.java:585)
at org.testng.SuiteRunner.runTest(SuiteRunner.java:384)
at org.testng.SuiteRunner.runSequentially(SuiteRunner.java:378)
at org.testng.SuiteRunner.privateRun(SuiteRunner.java:337)
at org.testng.SuiteRunner.run(SuiteRunner.java:286)
at org.testng.SuiteRunnerWorker.runSuite(SuiteRunnerWorker.java:53)
at org.testng.SuiteRunnerWorker.run(SuiteRunnerWorker.java:96)
at org.testng.TestNG.runSuitesSequentially(TestNG.java:1218)
at org.testng.TestNG.runSuitesLocally(TestNG.java:1140)
at org.testng.TestNG.runSuites(TestNG.java:1069)
at org.testng.TestNG.run(TestNG.java:1037)
at org.testng.remote.AbstractRemoteTestNG.run(AbstractRemoteTestNG.java:115)
at org.testng.remote.RemoteTestNG.initAndRun(RemoteTestNG.java:251)
at org.testng.remote.RemoteTestNG.main(RemoteTestNG.java:77)
]]>
            </full-stacktrace>
          </exception> <!-- org.openqa.selenium.ElementClickInterceptedException -->
          <reporter-output>
          </reporter-output>
        </test-method> <!-- Search_EditPicture_Delete -->
        <test-method status="FAIL" signature="Search_AddPicture()[pri:49, instance:com.webtest.demo.Drop_down_list@7c29daf3]" name="Search_AddPicture" duration-ms="2911" started-at="2020-12-09T10:29:08 CST" finished-at="2020-12-09T10:29:10 CST">
          <exception class="java.lang.IllegalArgumentException">
            <message>
              <![CDATA[Must provide a location for a move action.]]>
            </message>
            <full-stacktrace>
              <![CDATA[java.lang.IllegalArgumentException: Must provide a location for a move action.
at org.openqa.selenium.interactions.MoveMouseAction.<init>(MoveMouseAction.java:37)
at org.openqa.selenium.interactions.Actions.moveToElement(Actions.java:386)
at com.webtest.core.WebDriverEngine.mouseToElement(WebDriverEngine.java:266)
at com.webtest.demo.Drop_down_list.Search_AddPicture(Drop_down_list.java:995)
at sun.reflect.NativeMethodAccessorImpl.invoke0(Native Method)
at sun.reflect.NativeMethodAccessorImpl.invoke(Unknown Source)
at sun.reflect.DelegatingMethodAccessorImpl.invoke(Unknown Source)
at java.lang.reflect.Method.invoke(Unknown Source)
at org.testng.internal.MethodInvocationHelper.invokeMethod(MethodInvocationHelper.java:132)
at org.testng.internal.TestInvoker.invokeMethod(TestInvoker.java:599)
at org.testng.internal.TestInvoker.invokeTestMethod(TestInvoker.java:174)
at org.testng.internal.MethodRunner.runInSequence(MethodRunner.java:46)
at org.testng.internal.TestInvoker$MethodInvocationAgent.invoke(TestInvoker.java:822)
at org.testng.internal.TestInvoker.invokeTestMethods(TestInvoker.java:147)
at org.testng.internal.TestMethodWorker.invokeTestMethods(TestMethodWorker.java:146)
at org.testng.internal.TestMethodWorker.run(TestMethodWorker.java:128)
at java.util.ArrayList.forEach(Unknown Source)
at org.testng.TestRunner.privateRun(TestRunner.java:764)
at org.testng.TestRunner.run(TestRunner.java:585)
at org.testng.SuiteRunner.runTest(SuiteRunner.java:384)
at org.testng.SuiteRunner.runSequentially(SuiteRunner.java:378)
at org.testng.SuiteRunner.privateRun(SuiteRunner.java:337)
at org.testng.SuiteRunner.run(SuiteRunner.java:286)
at org.testng.SuiteRunnerWorker.runSuite(SuiteRunnerWorker.java:53)
at org.testng.SuiteRunnerWorker.run(SuiteRunnerWorker.java:96)
at org.testng.TestNG.runSuitesSequentially(TestNG.java:1218)
at org.testng.TestNG.runSuitesLocally(TestNG.java:1140)
at org.testng.TestNG.runSuites(TestNG.java:1069)
at org.testng.TestNG.run(TestNG.java:1037)
at org.testng.remote.AbstractRemoteTestNG.run(AbstractRemoteTestNG.java:115)
at org.testng.remote.RemoteTestNG.initAndRun(RemoteTestNG.java:251)
at org.testng.remote.RemoteTestNG.main(RemoteTestNG.java:77)
]]>
            </full-stacktrace>
          </exception> <!-- java.lang.IllegalArgumentException -->
          <reporter-output>
          </reporter-output>
        </test-method> <!-- Search_AddPicture -->
        <test-method status="PASS" signature="DropdownList_English()[pri:50, instance:com.webtest.demo.Drop_down_list@7c29daf3]" name="DropdownList_English" duration-ms="32752" started-at="2020-12-09T10:29:10 CST" finished-at="2020-12-09T10:29:43 CST">
          <reporter-output>
          </reporter-output>
        </test-method> <!-- DropdownList_English -->
        <test-method status="PASS" signature="doAfterMethod()[pri:0, instance:com.webtest.demo.Drop_down_list@7c29daf3]" name="doAfterMethod" is-config="true" duration-ms="771" started-at="2020-12-09T10:29:43 CST" finished-at="2020-12-09T10:29:44 CST">
          <reporter-output>
          </reporter-output>
        </test-method> <!-- doAfterMethod -->
      </class> <!-- com.webtest.demo.Drop_down_list -->
    </test> <!-- t2 -->
  </suite> <!-- s1 -->
</testng-results>
