<?xml version="1.0" encoding="UTF-8"?>
<!-- Generated by org.testng.reporters.JUnitXMLReporter -->
<testsuite hostname="DESKTOP-R6U7DT6" ignored="0" name="all" tests="4" failures="0" timestamp="2020-12-03T10:17:00 CST" time="3.824" errors="0">
  <testcase name="@BeforeMethod startBrowser" time="3.803" classname="com.hxy.util.BaseTest">
    <failure type="org.openqa.selenium.WebDriverException" message="Failed to decode response from marionette
Build info: version: &amp;apos;3.141.59&amp;apos;, revision: &amp;apos;e82be7d358&amp;apos;, time: &amp;apos;2018-11-14T08:25:53&amp;apos;
System info: host: &amp;apos;DESKTOP-R6U7DT6&amp;apos;, ip: &amp;apos;192.168.43.98&amp;apos;, os.name: &amp;apos;Windows 10&amp;apos;, os.arch: &amp;apos;amd64&amp;apos;, os.version: &amp;apos;10.0&amp;apos;, java.version: &amp;apos;1.8.0_221&amp;apos;
Driver info: org.openqa.selenium.firefox.FirefoxDriver
Capabilities {acceptInsecureCerts: true, browserName: firefox, browserVersion: 83.0, javascriptEnabled: true, moz:accessibilityChecks: false, moz:buildID: 20201112153044, moz:geckodriverVersion: 0.23.0, moz:headless: false, moz:processID: 14284, moz:profile: C:\Users\HuXueyang\AppData\..., moz:shutdownTimeout: 60000, moz:useNonSpecCompliantPointerOrigin: false, moz:webdriverClick: true, pageLoadStrategy: normal, platform: WINDOWS, platformName: WINDOWS, platformVersion: 10.0, rotatable: false, setWindowRect: true, strictFileInteractability: false, timeouts: {implicit: 0, pageLoad: 300000, script: 30000}, unhandledPromptBehavior: dismiss and notify}
Session ID: 82310248-7b11-4869-b686-1e800b49c29f
*** Element info: {Using=name, value=login_name}">
      <![CDATA[org.openqa.selenium.WebDriverException: Failed to decode response from marionette
Build info: version: '3.141.59', revision: 'e82be7d358', time: '2018-11-14T08:25:53'
System info: host: 'DESKTOP-R6U7DT6', ip: '192.168.43.98', os.name: 'Windows 10', os.arch: 'amd64', os.version: '10.0', java.version: '1.8.0_221'
Driver info: org.openqa.selenium.firefox.FirefoxDriver
Capabilities {acceptInsecureCerts: true, browserName: firefox, browserVersion: 83.0, javascriptEnabled: true, moz:accessibilityChecks: false, moz:buildID: 20201112153044, moz:geckodriverVersion: 0.23.0, moz:headless: false, moz:processID: 14284, moz:profile: C:\Users\HuXueyang\AppData\..., moz:shutdownTimeout: 60000, moz:useNonSpecCompliantPointerOrigin: false, moz:webdriverClick: true, pageLoadStrategy: normal, platform: WINDOWS, platformName: WINDOWS, platformVersion: 10.0, rotatable: false, setWindowRect: true, strictFileInteractability: false, timeouts: {implicit: 0, pageLoad: 300000, script: 30000}, unhandledPromptBehavior: dismiss and notify}
Session ID: 82310248-7b11-4869-b686-1e800b49c29f
*** Element info: {Using=name, value=login_name}
at org.openqa.selenium.remote.http.W3CHttpResponseCodec.createException(W3CHttpResponseCodec.java:187)
at org.openqa.selenium.remote.http.W3CHttpResponseCodec.decode(W3CHttpResponseCodec.java:122)
at org.openqa.selenium.remote.http.W3CHttpResponseCodec.decode(W3CHttpResponseCodec.java:49)
at org.openqa.selenium.remote.HttpCommandExecutor.execute(HttpCommandExecutor.java:158)
at org.openqa.selenium.remote.service.DriverCommandExecutor.execute(DriverCommandExecutor.java:83)
at org.openqa.selenium.remote.RemoteWebDriver.execute(RemoteWebDriver.java:552)
at org.openqa.selenium.remote.RemoteWebDriver.findElement(RemoteWebDriver.java:323)
at org.openqa.selenium.remote.RemoteWebDriver.findElementByName(RemoteWebDriver.java:404)
at org.openqa.selenium.By$ByName.findElement(By.java:284)
at org.openqa.selenium.remote.RemoteWebDriver.findElement(RemoteWebDriver.java:315)
at com.hxy.util.BaseTest.startBrowser(Unknown Source)
at java.util.ArrayList.forEach(Unknown Source)
... Removed 34 stack frames]]>
    </failure>
  </testcase> <!-- @BeforeMethod startBrowser -->
  <testcase name="@AfterMethod doAfterMethod" time="-1.606961820626E9" classname="com.hxy.util.BaseTest">
    <skipped/>
  </testcase> <!-- @AfterMethod doAfterMethod -->
  <testcase name="@BeforeMethod startBrowser" time="-1.606961820626E9" classname="com.hxy.util.BaseTest">
    <skipped/>
  </testcase> <!-- @BeforeMethod startBrowser -->
  <testcase name="@AfterMethod doAfterMethod" time="-1.606961820627E9" classname="com.hxy.util.BaseTest">
    <skipped/>
  </testcase> <!-- @AfterMethod doAfterMethod -->
  <testcase name="@BeforeMethod startBrowser" time="-1.606961820627E9" classname="com.hxy.util.BaseTest">
    <skipped/>
  </testcase> <!-- @BeforeMethod startBrowser -->
  <testcase name="@AfterMethod doAfterMethod" time="-1.606961820627E9" classname="com.hxy.util.BaseTest">
    <skipped/>
  </testcase> <!-- @AfterMethod doAfterMethod -->
  <testcase name="@BeforeMethod startBrowser" time="-1.606961820627E9" classname="com.hxy.util.BaseTest">
    <skipped/>
  </testcase> <!-- @BeforeMethod startBrowser -->
  <testcase name="@AfterMethod doAfterMethod" time="-1.606961820627E9" classname="com.hxy.util.BaseTest">
    <skipped/>
  </testcase> <!-- @AfterMethod doAfterMethod -->
  <testcase name="ColumnManage_addColumn" time="0.0" classname="com.hxy.testCase.ColumnManage_Test">
    <skipped/>
  </testcase> <!-- ColumnManage_addColumn -->
  <testcase name="ColumnManage_setDisplay_all" time="0.0" classname="com.hxy.testCase.ColumnManage_Test">
    <skipped/>
  </testcase> <!-- ColumnManage_setDisplay_all -->
  <testcase name="ColumnManage_setDisplay_head" time="0.0" classname="com.hxy.testCase.ColumnManage_Test">
    <skipped/>
  </testcase> <!-- ColumnManage_setDisplay_head -->
  <testcase name="ColumnManage_updateTitle" time="0.0" classname="com.hxy.testCase.ColumnManage_Test">
    <skipped/>
  </testcase> <!-- ColumnManage_updateTitle -->
</testsuite> <!-- all -->
