<html>
<head>
<title>TestNG:  test</title>
<link href="../testng.css" rel="stylesheet" type="text/css" />
<link href="../my-testng.css" rel="stylesheet" type="text/css" />

<style type="text/css">
.log { display: none;} 
.stack-trace { display: none;} 
</style>
<script type="text/javascript">
<!--
function flip(e) {
  current = e.style.display;
  if (current == 'block') {
    e.style.display = 'none';
    return 0;
  }
  else {
    e.style.display = 'block';
    return 1;
  }
}

function toggleBox(szDivId, elem, msg1, msg2)
{
  var res = -1;  if (document.getElementById) {
    res = flip(document.getElementById(szDivId));
  }
  else if (document.all) {
    // this is the way old msie versions work
    res = flip(document.all[szDivId]);
  }
  if(elem) {
    if(res == 0) elem.innerHTML = msg1; else elem.innerHTML = msg2;
  }

}

function toggleAllBoxes() {
  if (document.getElementsByTagName) {
    d = document.getElementsByTagName('div');
    for (i = 0; i < d.length; i++) {
      if (d[i].className == 'log') {
        flip(d[i]);
      }
    }
  }
}

// -->
</script>

</head>
<body>
<h2 align='center'>test</h2><table border='1' align="center">
<tr>
<td>Tests passed/Failed/Skipped:</td><td>48/2/0</td>
</tr><tr>
<td>Started on:</td><td>Thu Dec 03 16:15:08 CST 2020</td>
</tr>
<tr><td>Total time:</td><td>1971 seconds (1971807 ms)</td>
</tr><tr>
<td>Included groups:</td><td></td>
</tr><tr>
<td>Excluded groups:</td><td></td>
</tr>
</table><p/>
<small><i>(Hover the method name to see the test class name)</i></small><p/>
<table width='100%' border='1' class='invocation-failed'>
<tr><td colspan='4' align='center'><b>FAILED TESTS</b></td></tr>
<tr><td><b>Test method</b></td>
<td width="30%"><b>Exception</b></td>
<td width="10%"><b>Time (seconds)</b></td>
<td><b>Instance</b></td>
</tr>
<tr>
<td title='com.bxx.test.JoinusjobTest.test14()'><b>test14</b><br>Test class: com.bxx.test.JoinusjobTest</td>
<td><div><pre>org.openqa.selenium.ElementClickInterceptedException: Element &lt;button class=&quot;btn btn-default&quot; type=&quot;button&quot;&gt; is not clickable at point (357,650) because another element &lt;div class=&quot;modal fade met-scrollbar met-modal  job-details-modal show&quot;&gt; obscures it
Build info: version: &apos;3.141.59&apos;, revision: &apos;e82be7d358&apos;, time: &apos;2018-11-14T08:25:53&apos;
System info: host: &apos;LAPTOP-DDFJPIK8&apos;, ip: &apos;192.168.56.1&apos;, os.name: &apos;Windows 10&apos;, os.arch: &apos;amd64&apos;, os.version: &apos;10.0&apos;, java.version: &apos;1.8.0_231&apos;
Driver info: org.openqa.selenium.firefox.FirefoxDriver
Capabilities {acceptInsecureCerts: true, browserName: firefox, browserVersion: 74.0, javascriptEnabled: true, moz:accessibilityChecks: false, moz:buildID: 20200309095159, moz:geckodriverVersion: 0.26.0, moz:headless: false, moz:processID: 22140, moz:profile: C:\Users\lenovo\AppData\Loc..., moz:shutdownTimeout: 60000, moz:useNonSpecCompliantPointerOrigin: false, moz:webdriverClick: true, pageLoadStrategy: normal, platform: WINDOWS, platformName: WINDOWS, platformVersion: 10.0, rotatable: false, setWindowRect: true, strictFileInteractability: false, timeouts: {implicit: 0, pageLoad: 300000, script: 30000}, unhandledPromptBehavior: dismiss and notify}
Session ID: 326754bb-3634-48bf-a308-fc81b6a89072
	at org.openqa.selenium.remote.http.W3CHttpResponseCodec.createException(W3CHttpResponseCodec.java:187)
	at org.openqa.selenium.remote.http.W3CHttpResponseCodec.decode(W3CHttpResponseCodec.java:122)
	at org.openqa.selenium.remote.http.W3CHttpResponseCodec.decode(W3CHttpResponseCodec.java:49)
	at org.openqa.selenium.remote.HttpCommandExecutor.execute(HttpCommandExecutor.java:158)
	at org.openqa.selenium.remote.service.DriverCommandExecutor.execute(DriverCommandExecutor.java:83)
	at org.openqa.selenium.remote.RemoteWebDriver.execute(RemoteWebDriver.java:552)
	at org.openqa.selenium.remote.RemoteWebElement.execute(RemoteWebElement.java:285)
	at org.openqa.selenium.remote.RemoteWebElement.click(RemoteWebElement.java:84)
	at com.bxx.core.WebDriverEngine.click(WebDriverEngine.java:151)
	at com.bxx.test.JoinusjobTest.test14(JoinusjobTest.java:175)
	at java.util.ArrayList.forEach(Unknown Source)
... Removed 31 stack frames</pre></div><a href='#' onClick='toggleBox("stack-trace1231261976", this, "Click to show all stack frames", "Click to hide stack frames")'>Click to show all stack frames</a>
<div class='stack-trace' id='stack-trace1231261976'><pre>org.openqa.selenium.ElementClickInterceptedException: Element &lt;button class=&quot;btn btn-default&quot; type=&quot;button&quot;&gt; is not clickable at point (357,650) because another element &lt;div class=&quot;modal fade met-scrollbar met-modal  job-details-modal show&quot;&gt; obscures it
Build info: version: &apos;3.141.59&apos;, revision: &apos;e82be7d358&apos;, time: &apos;2018-11-14T08:25:53&apos;
System info: host: &apos;LAPTOP-DDFJPIK8&apos;, ip: &apos;192.168.56.1&apos;, os.name: &apos;Windows 10&apos;, os.arch: &apos;amd64&apos;, os.version: &apos;10.0&apos;, java.version: &apos;1.8.0_231&apos;
Driver info: org.openqa.selenium.firefox.FirefoxDriver
Capabilities {acceptInsecureCerts: true, browserName: firefox, browserVersion: 74.0, javascriptEnabled: true, moz:accessibilityChecks: false, moz:buildID: 20200309095159, moz:geckodriverVersion: 0.26.0, moz:headless: false, moz:processID: 22140, moz:profile: C:\Users\lenovo\AppData\Loc..., moz:shutdownTimeout: 60000, moz:useNonSpecCompliantPointerOrigin: false, moz:webdriverClick: true, pageLoadStrategy: normal, platform: WINDOWS, platformName: WINDOWS, platformVersion: 10.0, rotatable: false, setWindowRect: true, strictFileInteractability: false, timeouts: {implicit: 0, pageLoad: 300000, script: 30000}, unhandledPromptBehavior: dismiss and notify}
Session ID: 326754bb-3634-48bf-a308-fc81b6a89072
	at sun.reflect.NativeConstructorAccessorImpl.newInstance0(Native Method)
	at sun.reflect.NativeConstructorAccessorImpl.newInstance(Unknown Source)
	at sun.reflect.DelegatingConstructorAccessorImpl.newInstance(Unknown Source)
	at java.lang.reflect.Constructor.newInstance(Unknown Source)
	at org.openqa.selenium.remote.http.W3CHttpResponseCodec.createException(W3CHttpResponseCodec.java:187)
	at org.openqa.selenium.remote.http.W3CHttpResponseCodec.decode(W3CHttpResponseCodec.java:122)
	at org.openqa.selenium.remote.http.W3CHttpResponseCodec.decode(W3CHttpResponseCodec.java:49)
	at org.openqa.selenium.remote.HttpCommandExecutor.execute(HttpCommandExecutor.java:158)
	at org.openqa.selenium.remote.service.DriverCommandExecutor.execute(DriverCommandExecutor.java:83)
	at org.openqa.selenium.remote.RemoteWebDriver.execute(RemoteWebDriver.java:552)
	at org.openqa.selenium.remote.RemoteWebElement.execute(RemoteWebElement.java:285)
	at org.openqa.selenium.remote.RemoteWebElement.click(RemoteWebElement.java:84)
	at com.bxx.core.WebDriverEngine.click(WebDriverEngine.java:151)
	at com.bxx.test.JoinusjobTest.test14(JoinusjobTest.java:175)
	at sun.reflect.NativeMethodAccessorImpl.invoke0(Native Method)
	at sun.reflect.NativeMethodAccessorImpl.invoke(Unknown Source)
	at sun.reflect.DelegatingMethodAccessorImpl.invoke(Unknown Source)
	at java.lang.reflect.Method.invoke(Unknown Source)
	at org.testng.internal.MethodInvocationHelper.invokeMethod(MethodInvocationHelper.java:134)
	at org.testng.internal.TestInvoker.invokeMethod(TestInvoker.java:597)
	at org.testng.internal.TestInvoker.invokeTestMethod(TestInvoker.java:173)
	at org.testng.internal.MethodRunner.runInSequence(MethodRunner.java:46)
	at org.testng.internal.TestInvoker$MethodInvocationAgent.invoke(TestInvoker.java:816)
	at org.testng.internal.TestInvoker.invokeTestMethods(TestInvoker.java:146)
	at org.testng.internal.TestMethodWorker.invokeTestMethods(TestMethodWorker.java:146)
	at org.testng.internal.TestMethodWorker.run(TestMethodWorker.java:128)
	at java.util.ArrayList.forEach(Unknown Source)
	at org.testng.TestRunner.privateRun(TestRunner.java:766)
	at org.testng.TestRunner.run(TestRunner.java:587)
	at org.testng.SuiteRunner.runTest(SuiteRunner.java:384)
	at org.testng.SuiteRunner.runSequentially(SuiteRunner.java:378)
	at org.testng.SuiteRunner.privateRun(SuiteRunner.java:337)
	at org.testng.SuiteRunner.run(SuiteRunner.java:286)
	at org.testng.SuiteRunnerWorker.runSuite(SuiteRunnerWorker.java:53)
	at org.testng.SuiteRunnerWorker.run(SuiteRunnerWorker.java:96)
	at org.testng.TestNG.runSuitesSequentially(TestNG.java:1187)
	at org.testng.TestNG.runSuitesLocally(TestNG.java:1109)
	at org.testng.TestNG.runSuites(TestNG.java:1039)
	at org.testng.TestNG.run(TestNG.java:1007)
	at org.testng.remote.AbstractRemoteTestNG.run(AbstractRemoteTestNG.java:115)
	at org.testng.remote.RemoteTestNG.initAndRun(RemoteTestNG.java:251)
	at org.testng.remote.RemoteTestNG.main(RemoteTestNG.java:77)
</pre></div></td>
<td>6</td>
<td>com.bxx.test.JoinusjobTest@3712b94</td></tr>
<tr>
<td title='com.bxx.test.kehuanliPageTest.test4()'><b>test4</b><br>Test class: com.bxx.test.kehuanliPageTest</td>
<td><div><pre>java.lang.IndexOutOfBoundsException: Index: 4, Size: 4
	at java.util.ArrayList.rangeCheck(Unknown Source)
	at java.util.ArrayList.get(Unknown Source)
	at com.bxx.test.kehuanliPageTest.test4(kehuanliPageTest.java:58)
	at java.util.ArrayList.forEach(Unknown Source)
... Removed 27 stack frames</pre></div><a href='#' onClick='toggleBox("stack-trace1400457356", this, "Click to show all stack frames", "Click to hide stack frames")'>Click to show all stack frames</a>
<div class='stack-trace' id='stack-trace1400457356'><pre>java.lang.IndexOutOfBoundsException: Index: 4, Size: 4
	at java.util.ArrayList.rangeCheck(Unknown Source)
	at java.util.ArrayList.get(Unknown Source)
	at com.bxx.test.kehuanliPageTest.test4(kehuanliPageTest.java:58)
	at sun.reflect.NativeMethodAccessorImpl.invoke0(Native Method)
	at sun.reflect.NativeMethodAccessorImpl.invoke(Unknown Source)
	at sun.reflect.DelegatingMethodAccessorImpl.invoke(Unknown Source)
	at java.lang.reflect.Method.invoke(Unknown Source)
	at org.testng.internal.MethodInvocationHelper.invokeMethod(MethodInvocationHelper.java:134)
	at org.testng.internal.TestInvoker.invokeMethod(TestInvoker.java:597)
	at org.testng.internal.TestInvoker.invokeTestMethod(TestInvoker.java:173)
	at org.testng.internal.MethodRunner.runInSequence(MethodRunner.java:46)
	at org.testng.internal.TestInvoker$MethodInvocationAgent.invoke(TestInvoker.java:816)
	at org.testng.internal.TestInvoker.invokeTestMethods(TestInvoker.java:146)
	at org.testng.internal.TestMethodWorker.invokeTestMethods(TestMethodWorker.java:146)
	at org.testng.internal.TestMethodWorker.run(TestMethodWorker.java:128)
	at java.util.ArrayList.forEach(Unknown Source)
	at org.testng.TestRunner.privateRun(TestRunner.java:766)
	at org.testng.TestRunner.run(TestRunner.java:587)
	at org.testng.SuiteRunner.runTest(SuiteRunner.java:384)
	at org.testng.SuiteRunner.runSequentially(SuiteRunner.java:378)
	at org.testng.SuiteRunner.privateRun(SuiteRunner.java:337)
	at org.testng.SuiteRunner.run(SuiteRunner.java:286)
	at org.testng.SuiteRunnerWorker.runSuite(SuiteRunnerWorker.java:53)
	at org.testng.SuiteRunnerWorker.run(SuiteRunnerWorker.java:96)
	at org.testng.TestNG.runSuitesSequentially(TestNG.java:1187)
	at org.testng.TestNG.runSuitesLocally(TestNG.java:1109)
	at org.testng.TestNG.runSuites(TestNG.java:1039)
	at org.testng.TestNG.run(TestNG.java:1007)
	at org.testng.remote.AbstractRemoteTestNG.run(AbstractRemoteTestNG.java:115)
	at org.testng.remote.RemoteTestNG.initAndRun(RemoteTestNG.java:251)
	at org.testng.remote.RemoteTestNG.main(RemoteTestNG.java:77)
</pre></div></td>
<td>0</td>
<td>com.bxx.test.kehuanliPageTest@33f88ab</td></tr>
</table><p>
<table width='100%' border='1' class='invocation-passed'>
<tr><td colspan='4' align='center'><b>PASSED TESTS</b></td></tr>
<tr><td><b>Test method</b></td>
<td width="30%"><b>Exception</b></td>
<td width="10%"><b>Time (seconds)</b></td>
<td><b>Instance</b></td>
</tr>
<tr>
<td title='com.bxx.test.JoinusjianliTest.test1()'><b>test1</b><br>Test class: com.bxx.test.JoinusjianliTest</td>
<td></td>
<td>7</td>
<td>com.bxx.test.JoinusjianliTest@4d41cee</td></tr>
<tr>
<td title='com.bxx.test.JoinusjobTest.test1()'><b>test1</b><br>Test class: com.bxx.test.JoinusjobTest</td>
<td></td>
<td>10</td>
<td>com.bxx.test.JoinusjobTest@3712b94</td></tr>
<tr>
<td title='com.bxx.test.JoinuszhaopinTest.test1()'><b>test1</b><br>Test class: com.bxx.test.JoinuszhaopinTest</td>
<td></td>
<td>23</td>
<td>com.bxx.test.JoinuszhaopinTest@2833cc44</td></tr>
<tr>
<td title='com.bxx.test.JoinusjianliTest.test10()'><b>test10</b><br>Test class: com.bxx.test.JoinusjianliTest</td>
<td></td>
<td>18</td>
<td>com.bxx.test.JoinusjianliTest@4d41cee</td></tr>
<tr>
<td title='com.bxx.test.JoinusjobTest.test10()'><b>test10</b><br>Test class: com.bxx.test.JoinusjobTest</td>
<td></td>
<td>6</td>
<td>com.bxx.test.JoinusjobTest@3712b94</td></tr>
<tr>
<td title='com.bxx.test.JoinusjianliTest.test11()'><b>test11</b><br>Test class: com.bxx.test.JoinusjianliTest</td>
<td></td>
<td>6</td>
<td>com.bxx.test.JoinusjianliTest@4d41cee</td></tr>
<tr>
<td title='com.bxx.test.JoinusjobTest.test11()'><b>test11</b><br>Test class: com.bxx.test.JoinusjobTest</td>
<td></td>
<td>20</td>
<td>com.bxx.test.JoinusjobTest@3712b94</td></tr>
<tr>
<td title='com.bxx.test.JoinusjobTest.test12()'><b>test12</b><br>Test class: com.bxx.test.JoinusjobTest</td>
<td></td>
<td>11</td>
<td>com.bxx.test.JoinusjobTest@3712b94</td></tr>
<tr>
<td title='com.bxx.test.JoinusjobTest.test13()'><b>test13</b><br>Test class: com.bxx.test.JoinusjobTest</td>
<td></td>
<td>14</td>
<td>com.bxx.test.JoinusjobTest@3712b94</td></tr>
<tr>
<td title='com.bxx.test.JoinusjobTest.test15()'><b>test15</b><br>Test class: com.bxx.test.JoinusjobTest</td>
<td></td>
<td>9</td>
<td>com.bxx.test.JoinusjobTest@3712b94</td></tr>
<tr>
<td title='com.bxx.test.JoinusjobTest.test16()'><b>test16</b><br>Test class: com.bxx.test.JoinusjobTest</td>
<td></td>
<td>13</td>
<td>com.bxx.test.JoinusjobTest@3712b94</td></tr>
<tr>
<td title='com.bxx.test.JoinuspageTest.test2()'><b>test2</b><br>Test class: com.bxx.test.JoinuspageTest</td>
<td></td>
<td>15</td>
<td>com.bxx.test.JoinuspageTest@17579e0f</td></tr>
<tr>
<td title='com.bxx.test.JoinusjianliTest.test2()'><b>test2</b><br>Test class: com.bxx.test.JoinusjianliTest</td>
<td></td>
<td>7</td>
<td>com.bxx.test.JoinusjianliTest@4d41cee</td></tr>
<tr>
<td title='com.bxx.test.JoinusjobTest.test2()'><b>test2</b><br>Test class: com.bxx.test.JoinusjobTest</td>
<td></td>
<td>10</td>
<td>com.bxx.test.JoinusjobTest@3712b94</td></tr>
<tr>
<td title='com.bxx.test.JoinuszhaopinTest.test2()'><b>test2</b><br>Test class: com.bxx.test.JoinuszhaopinTest</td>
<td></td>
<td>6</td>
<td>com.bxx.test.JoinuszhaopinTest@2833cc44</td></tr>
<tr>
<td title='com.bxx.test.JoinuspageTest.test3()'><b>test3</b><br>Test class: com.bxx.test.JoinuspageTest</td>
<td></td>
<td>15</td>
<td>com.bxx.test.JoinuspageTest@17579e0f</td></tr>
<tr>
<td title='com.bxx.test.JoinusjianliTest.test3()'><b>test3</b><br>Test class: com.bxx.test.JoinusjianliTest</td>
<td></td>
<td>15</td>
<td>com.bxx.test.JoinusjianliTest@4d41cee</td></tr>
<tr>
<td title='com.bxx.test.JoinusjobTest.test3()'><b>test3</b><br>Test class: com.bxx.test.JoinusjobTest</td>
<td></td>
<td>3</td>
<td>com.bxx.test.JoinusjobTest@3712b94</td></tr>
<tr>
<td title='com.bxx.test.JoinuszhaopinTest.test3()'><b>test3</b><br>Test class: com.bxx.test.JoinuszhaopinTest</td>
<td></td>
<td>6</td>
<td>com.bxx.test.JoinuszhaopinTest@2833cc44</td></tr>
<tr>
<td title='com.bxx.test.JoinuspageTest.test4()'><b>test4</b><br>Test class: com.bxx.test.JoinuspageTest</td>
<td></td>
<td>16</td>
<td>com.bxx.test.JoinuspageTest@17579e0f</td></tr>
<tr>
<td title='com.bxx.test.JoinusjianliTest.test4()'><b>test4</b><br>Test class: com.bxx.test.JoinusjianliTest</td>
<td></td>
<td>13</td>
<td>com.bxx.test.JoinusjianliTest@4d41cee</td></tr>
<tr>
<td title='com.bxx.test.JoinusjobTest.test4()'><b>test4</b><br>Test class: com.bxx.test.JoinusjobTest</td>
<td></td>
<td>9</td>
<td>com.bxx.test.JoinusjobTest@3712b94</td></tr>
<tr>
<td title='com.bxx.test.JoinusjianliTest.test5()'><b>test5</b><br>Test class: com.bxx.test.JoinusjianliTest</td>
<td></td>
<td>13</td>
<td>com.bxx.test.JoinusjianliTest@4d41cee</td></tr>
<tr>
<td title='com.bxx.test.JoinusjobTest.test5()'><b>test5</b><br>Test class: com.bxx.test.JoinusjobTest</td>
<td></td>
<td>10</td>
<td>com.bxx.test.JoinusjobTest@3712b94</td></tr>
<tr>
<td title='com.bxx.test.kehuanliPageTest.test5()'><b>test5</b><br>Test class: com.bxx.test.kehuanliPageTest</td>
<td></td>
<td>13</td>
<td>com.bxx.test.kehuanliPageTest@33f88ab</td></tr>
<tr>
<td title='com.bxx.test.JoinusjianliTest.test6()'><b>test6</b><br>Test class: com.bxx.test.JoinusjianliTest</td>
<td></td>
<td>16</td>
<td>com.bxx.test.JoinusjianliTest@4d41cee</td></tr>
<tr>
<td title='com.bxx.test.JoinusjobTest.test6()'><b>test6</b><br>Test class: com.bxx.test.JoinusjobTest</td>
<td></td>
<td>10</td>
<td>com.bxx.test.JoinusjobTest@3712b94</td></tr>
<tr>
<td title='com.bxx.test.JoinusjianliTest.test7()'><b>test7</b><br>Test class: com.bxx.test.JoinusjianliTest</td>
<td></td>
<td>10</td>
<td>com.bxx.test.JoinusjianliTest@4d41cee</td></tr>
<tr>
<td title='com.bxx.test.JoinusjobTest.test7()'><b>test7</b><br>Test class: com.bxx.test.JoinusjobTest</td>
<td></td>
<td>10</td>
<td>com.bxx.test.JoinusjobTest@3712b94</td></tr>
<tr>
<td title='com.bxx.test.JoinusjianliTest.test8()'><b>test8</b><br>Test class: com.bxx.test.JoinusjianliTest</td>
<td></td>
<td>10</td>
<td>com.bxx.test.JoinusjianliTest@4d41cee</td></tr>
<tr>
<td title='com.bxx.test.JoinusjobTest.test8()'><b>test8</b><br>Test class: com.bxx.test.JoinusjobTest</td>
<td></td>
<td>10</td>
<td>com.bxx.test.JoinusjobTest@3712b94</td></tr>
<tr>
<td title='com.bxx.test.JoinusjianliTest.test9()'><b>test9</b><br>Test class: com.bxx.test.JoinusjianliTest</td>
<td></td>
<td>23</td>
<td>com.bxx.test.JoinusjianliTest@4d41cee</td></tr>
<tr>
<td title='com.bxx.test.JoinusjobTest.test9()'><b>test9</b><br>Test class: com.bxx.test.JoinusjobTest</td>
<td></td>
<td>6</td>
<td>com.bxx.test.JoinusjobTest@3712b94</td></tr>
<tr>
<td title='com.bxx.test.kehuanliPageTest.testBanner1()'><b>testBanner1</b><br>Test class: com.bxx.test.kehuanliPageTest</td>
<td></td>
<td>11</td>
<td>com.bxx.test.kehuanliPageTest@33f88ab</td></tr>
<tr>
<td title='com.bxx.test.KehuanliEditTest.testEdit1()'><b>testEdit1</b><br>Test class: com.bxx.test.KehuanliEditTest</td>
<td></td>
<td>13</td>
<td>com.bxx.test.KehuanliEditTest@4b1c1ea0</td></tr>
<tr>
<td title='com.bxx.test.KehuanliEditTest.testEdit2()'><b>testEdit2</b><br>Test class: com.bxx.test.KehuanliEditTest</td>
<td></td>
<td>10</td>
<td>com.bxx.test.KehuanliEditTest@4b1c1ea0</td></tr>
<tr>
<td title='com.bxx.test.KehuanliEditTest.testEdit3()'><b>testEdit3</b><br>Test class: com.bxx.test.KehuanliEditTest</td>
<td></td>
<td>13</td>
<td>com.bxx.test.KehuanliEditTest@4b1c1ea0</td></tr>
<tr>
<td title='com.bxx.test.KehuanliEditTest.testEditAdd10()'><b>testEditAdd10</b><br>Test class: com.bxx.test.KehuanliEditTest</td>
<td></td>
<td>30</td>
<td>com.bxx.test.KehuanliEditTest@4b1c1ea0</td></tr>
<tr>
<td title='com.bxx.test.KehuanliEditTest.testEditAdd4()'><b>testEditAdd4</b><br>Test class: com.bxx.test.KehuanliEditTest</td>
<td></td>
<td>16</td>
<td>com.bxx.test.KehuanliEditTest@4b1c1ea0</td></tr>
<tr>
<td title='com.bxx.test.KehuanliEditTest.testEditAdd5()'><b>testEditAdd5</b><br>Test class: com.bxx.test.KehuanliEditTest</td>
<td></td>
<td>30</td>
<td>com.bxx.test.KehuanliEditTest@4b1c1ea0</td></tr>
<tr>
<td title='com.bxx.test.KehuanliEditTest.testEditAdd6()'><b>testEditAdd6</b><br>Test class: com.bxx.test.KehuanliEditTest</td>
<td></td>
<td>23</td>
<td>com.bxx.test.KehuanliEditTest@4b1c1ea0</td></tr>
<tr>
<td title='com.bxx.test.KehuanliEditTest.testEditAdd7()'><b>testEditAdd7</b><br>Test class: com.bxx.test.KehuanliEditTest</td>
<td></td>
<td>33</td>
<td>com.bxx.test.KehuanliEditTest@4b1c1ea0</td></tr>
<tr>
<td title='com.bxx.test.KehuanliEditTest.testEditAdd8()'><b>testEditAdd8</b><br>Test class: com.bxx.test.KehuanliEditTest</td>
<td></td>
<td>32</td>
<td>com.bxx.test.KehuanliEditTest@4b1c1ea0</td></tr>
<tr>
<td title='com.bxx.test.KehuanliEditTest.testEditAdd9()'><b>testEditAdd9</b><br>Test class: com.bxx.test.KehuanliEditTest</td>
<td></td>
<td>30</td>
<td>com.bxx.test.KehuanliEditTest@4b1c1ea0</td></tr>
<tr>
<td title='com.bxx.test.kehuanliPageTest.testEditDelete6()'><b>testEditDelete6</b><br>Test class: com.bxx.test.kehuanliPageTest</td>
<td></td>
<td>72</td>
<td>com.bxx.test.kehuanliPageTest@33f88ab</td></tr>
<tr>
<td title='com.bxx.test.kehuanliPageTest.testSearch2()'><b>testSearch2</b><br>Test class: com.bxx.test.kehuanliPageTest</td>
<td></td>
<td>4</td>
<td>com.bxx.test.kehuanliPageTest@33f88ab</td></tr>
<tr>
<td title='com.bxx.test.kehuanliPageTest.testSwitch3()'><b>testSwitch3</b><br>Test class: com.bxx.test.kehuanliPageTest</td>
<td></td>
<td>13</td>
<td>com.bxx.test.kehuanliPageTest@33f88ab</td></tr>
<tr>
<td title='com.bxx.test.JoinuspageTest.text1()'><b>text1</b><br>Test class: com.bxx.test.JoinuspageTest</td>
<td></td>
<td>15</td>
<td>com.bxx.test.JoinuspageTest@17579e0f</td></tr>
</table><p>
</body>
</html>