<?xml version="1.0" encoding="UTF-8"?>
<!-- Generated by org.testng.reporters.JUnitXMLReporter -->
<testsuite hostname="DESKTOP-TNDKL02" ignored="6" name="all" tests="53" failures="9" timestamp="2020-12-08T19:07:41 CST" time="1325.931" errors="0">
  <testcase name="editBanner" time="56.919" classname="com.webtest.demo.BannerSetting"/>
  <testcase name="addBanner" time="39.931" classname="com.webtest.demo.BannerSetting"/>
  <testcase name="deleteBanner" time="21.281" classname="com.webtest.demo.BannerSetting"/>
  <testcase name="setTurns" time="18.942" classname="com.webtest.demo.BannerSetting">
    <failure type="java.lang.IndexOutOfBoundsException" message="Index: 0, Size: 0">
      <![CDATA[java.lang.IndexOutOfBoundsException: Index: 0, Size: 0
at java.util.ArrayList.rangeCheck(Unknown Source)
at java.util.ArrayList.get(Unknown Source)
at com.webtest.demo.BannerSetting.setTurns(Unknown Source)
at java.util.ArrayList.forEach(Unknown Source)
... Removed 26 stack frames]]>
    </failure>
  </testcase> <!-- setTurns -->
  <testcase name="addButtons" time="33.386" classname="com.webtest.demo.BannerSetting"/>
  <testcase name="setBtnColor" time="13.677" classname="com.webtest.demo.BannerSetting"/>
  <testcase name="setWordsSize" time="13.646" classname="com.webtest.demo.BannerSetting"/>
  <testcase name="deleteBtn" time="23.017" classname="com.webtest.demo.BannerSetting"/>
  <testcase name="editCSName" time="18.103" classname="com.webtest.demo.CustomerServiceSetting"/>
  <testcase name="editCSPhoneNum" time="21.355" classname="com.webtest.demo.CustomerServiceSetting"/>
  <testcase name="editeCSType" time="26.4" classname="com.webtest.demo.CustomerServiceSetting"/>
  <testcase name="deleteCSImg" time="21.295" classname="com.webtest.demo.CustomerServiceSetting"/>
  <testcase name="editCSImg" time="28.392" classname="com.webtest.demo.CustomerServiceSetting"/>
  <testcase name="addCS" time="37.087" classname="com.webtest.demo.CustomerServiceSetting"/>
  <testcase name="deleteCS" time="24.234" classname="com.webtest.demo.CustomerServiceSetting"/>
  <testcase name="editFixedStyle" time="22.313" classname="com.webtest.demo.CustomerServiceSetting"/>
  <testcase name="CSstyleSetting" time="11.185" classname="com.webtest.demo.CustomerServiceSetting">
    <failure type="java.lang.NullPointerException">
      <![CDATA[java.lang.NullPointerException
at org.openqa.selenium.support.ui.Select.<init>(Select.java:45)
at com.webtest.core.WebDriverEngine.getSelect(Unknown Source)
at com.webtest.core.WebDriverEngine.selectByValue(Unknown Source)
at com.webtest.demo.CustomerServiceSetting.CSstyleSetting(Unknown Source)
at java.util.ArrayList.forEach(Unknown Source)
... Removed 26 stack frames]]>
    </failure>
  </testcase> <!-- CSstyleSetting -->
  <testcase name="otherSetting" time="50.782" classname="com.webtest.demo.CustomerServiceSetting"/>
  <testcase name="addColumn" time="26.487" classname="com.webtest.demo.CustomerServiceSetting"/>
  <testcase name="deleteColumn" time="25.549" classname="com.webtest.demo.CustomerServiceSetting"/>
  <testcase name="openBackLanguageSwitch" time="9.819" classname="com.webtest.demo.LanguageSetting"/>
  <testcase name="closeLanguageSwitch" time="9.766" classname="com.webtest.demo.LanguageSetting"/>
  <testcase name="closeCSLanguageSwtich" time="9.752" classname="com.webtest.demo.LanguageSetting"/>
  <testcase name="addNewLanguage" time="25.676" classname="com.webtest.demo.LanguageSetting"/>
  <testcase name="editLanguage" time="18.965" classname="com.webtest.demo.LanguageSetting"/>
  <testcase name="plugInsEdit" time="13.781" classname="com.webtest.demo.LanguageSetting"/>
  <testcase name="editPhoneBtnText" time="31.323" classname="com.webtest.demo.PhoneMenuSetting"/>
  <testcase name="editPhoneBtnUrl" time="25.026" classname="com.webtest.demo.PhoneMenuSetting"/>
  <testcase name="deletePhoneBtnImg" time="19.369" classname="com.webtest.demo.PhoneMenuSetting"/>
  <testcase name="editPhoneBtnImg" time="26.433" classname="com.webtest.demo.PhoneMenuSetting"/>
  <testcase name="editPhoneBtnColor" time="16.298" classname="com.webtest.demo.PhoneMenuSetting"/>
  <testcase name="editPhoneTextColor" time="16.345" classname="com.webtest.demo.PhoneMenuSetting"/>
  <testcase name="editPhoneBtnEnable" time="40.153" classname="com.webtest.demo.PhoneMenuSetting"/>
  <testcase name="edtiPhoneBtnTurns" time="12.229" classname="com.webtest.demo.PhoneMenuSetting">
    <failure type="org.openqa.selenium.ElementClickInterceptedException" message="Element &amp;lt;span&amp;gt; is not clickable at point (1256,25) because another element &amp;lt;div class=&amp;quot;alertify-bg position-fixed h-100 w-100 bg-dark&amp;quot;&amp;gt; obscures it
Build info: version: &amp;apos;3.141.59&amp;apos;, revision: &amp;apos;e82be7d358&amp;apos;, time: &amp;apos;2018-11-14T08:25:53&amp;apos;
System info: host: &amp;apos;DESKTOP-TNDKL02&amp;apos;, ip: &amp;apos;10.7.86.177&amp;apos;, os.name: &amp;apos;Windows 10&amp;apos;, os.arch: &amp;apos;amd64&amp;apos;, os.version: &amp;apos;10.0&amp;apos;, java.version: &amp;apos;1.8.0_212&amp;apos;
Driver info: org.openqa.selenium.firefox.FirefoxDriver
Capabilities {acceptInsecureCerts: true, browserName: firefox, browserVersion: 75.0, javascriptEnabled: true, moz:accessibilityChecks: false, moz:buildID: 20200403170909, moz:geckodriverVersion: 0.24.0, moz:headless: false, moz:processID: 20600, moz:profile: C:\Users\dell\AppData\Local..., moz:shutdownTimeout: 60000, moz:useNonSpecCompliantPointerOrigin: false, moz:webdriverClick: true, pageLoadStrategy: normal, platform: WINDOWS, platformName: WINDOWS, platformVersion: 10.0, rotatable: false, setWindowRect: true, strictFileInteractability: false, timeouts: {implicit: 0, pageLoad: 300000, script: 30000}, unhandledPromptBehavior: dismiss and notify}
Session ID: efaf1e12-7a66-4d24-a764-6e1991c41057">
      <![CDATA[org.openqa.selenium.ElementClickInterceptedException: Element <span> is not clickable at point (1256,25) because another element <div class="alertify-bg position-fixed h-100 w-100 bg-dark"> obscures it
Build info: version: '3.141.59', revision: 'e82be7d358', time: '2018-11-14T08:25:53'
System info: host: 'DESKTOP-TNDKL02', ip: '10.7.86.177', os.name: 'Windows 10', os.arch: 'amd64', os.version: '10.0', java.version: '1.8.0_212'
Driver info: org.openqa.selenium.firefox.FirefoxDriver
Capabilities {acceptInsecureCerts: true, browserName: firefox, browserVersion: 75.0, javascriptEnabled: true, moz:accessibilityChecks: false, moz:buildID: 20200403170909, moz:geckodriverVersion: 0.24.0, moz:headless: false, moz:processID: 20600, moz:profile: C:\Users\dell\AppData\Local..., moz:shutdownTimeout: 60000, moz:useNonSpecCompliantPointerOrigin: false, moz:webdriverClick: true, pageLoadStrategy: normal, platform: WINDOWS, platformName: WINDOWS, platformVersion: 10.0, rotatable: false, setWindowRect: true, strictFileInteractability: false, timeouts: {implicit: 0, pageLoad: 300000, script: 30000}, unhandledPromptBehavior: dismiss and notify}
Session ID: efaf1e12-7a66-4d24-a764-6e1991c41057
at org.openqa.selenium.remote.http.W3CHttpResponseCodec.createException(W3CHttpResponseCodec.java:187)
at org.openqa.selenium.remote.http.W3CHttpResponseCodec.decode(W3CHttpResponseCodec.java:122)
at org.openqa.selenium.remote.http.W3CHttpResponseCodec.decode(W3CHttpResponseCodec.java:49)
at org.openqa.selenium.remote.HttpCommandExecutor.execute(HttpCommandExecutor.java:158)
at org.openqa.selenium.remote.service.DriverCommandExecutor.execute(DriverCommandExecutor.java:83)
at org.openqa.selenium.remote.RemoteWebDriver.execute(RemoteWebDriver.java:552)
at org.openqa.selenium.remote.RemoteWebElement.execute(RemoteWebElement.java:285)
at org.openqa.selenium.remote.RemoteWebElement.click(RemoteWebElement.java:84)
at com.webtest.core.WebDriverEngine.click(Unknown Source)
at com.webtest.demo.PhoneMenuSetting.edtiPhoneBtnTurns(Unknown Source)
at java.util.ArrayList.forEach(Unknown Source)
... Removed 30 stack frames]]>
    </failure>
  </testcase> <!-- edtiPhoneBtnTurns -->
  <testcase name="addPhoneBtn" time="0.022" classname="com.webtest.demo.PhoneMenuSetting">
    <failure type="org.openqa.selenium.ElementClickInterceptedException" message="Element &amp;lt;button class=&amp;quot;btn btn-outline-light border-none dropdown-toggle menu-position-destroy&amp;quot; type=&amp;quot;button&amp;quot;&amp;gt; is not clickable at point (384,25) because another element &amp;lt;div class=&amp;quot;alertify-bg position-fixed h-100 w-100 bg-dark&amp;quot;&amp;gt; obscures it
Build info: version: &amp;apos;3.141.59&amp;apos;, revision: &amp;apos;e82be7d358&amp;apos;, time: &amp;apos;2018-11-14T08:25:53&amp;apos;
System info: host: &amp;apos;DESKTOP-TNDKL02&amp;apos;, ip: &amp;apos;10.7.86.177&amp;apos;, os.name: &amp;apos;Windows 10&amp;apos;, os.arch: &amp;apos;amd64&amp;apos;, os.version: &amp;apos;10.0&amp;apos;, java.version: &amp;apos;1.8.0_212&amp;apos;
Driver info: org.openqa.selenium.firefox.FirefoxDriver
Capabilities {acceptInsecureCerts: true, browserName: firefox, browserVersion: 75.0, javascriptEnabled: true, moz:accessibilityChecks: false, moz:buildID: 20200403170909, moz:geckodriverVersion: 0.24.0, moz:headless: false, moz:processID: 20600, moz:profile: C:\Users\dell\AppData\Local..., moz:shutdownTimeout: 60000, moz:useNonSpecCompliantPointerOrigin: false, moz:webdriverClick: true, pageLoadStrategy: normal, platform: WINDOWS, platformName: WINDOWS, platformVersion: 10.0, rotatable: false, setWindowRect: true, strictFileInteractability: false, timeouts: {implicit: 0, pageLoad: 300000, script: 30000}, unhandledPromptBehavior: dismiss and notify}
Session ID: efaf1e12-7a66-4d24-a764-6e1991c41057">
      <![CDATA[org.openqa.selenium.ElementClickInterceptedException: Element <button class="btn btn-outline-light border-none dropdown-toggle menu-position-destroy" type="button"> is not clickable at point (384,25) because another element <div class="alertify-bg position-fixed h-100 w-100 bg-dark"> obscures it
Build info: version: '3.141.59', revision: 'e82be7d358', time: '2018-11-14T08:25:53'
System info: host: 'DESKTOP-TNDKL02', ip: '10.7.86.177', os.name: 'Windows 10', os.arch: 'amd64', os.version: '10.0', java.version: '1.8.0_212'
Driver info: org.openqa.selenium.firefox.FirefoxDriver
Capabilities {acceptInsecureCerts: true, browserName: firefox, browserVersion: 75.0, javascriptEnabled: true, moz:accessibilityChecks: false, moz:buildID: 20200403170909, moz:geckodriverVersion: 0.24.0, moz:headless: false, moz:processID: 20600, moz:profile: C:\Users\dell\AppData\Local..., moz:shutdownTimeout: 60000, moz:useNonSpecCompliantPointerOrigin: false, moz:webdriverClick: true, pageLoadStrategy: normal, platform: WINDOWS, platformName: WINDOWS, platformVersion: 10.0, rotatable: false, setWindowRect: true, strictFileInteractability: false, timeouts: {implicit: 0, pageLoad: 300000, script: 30000}, unhandledPromptBehavior: dismiss and notify}
Session ID: efaf1e12-7a66-4d24-a764-6e1991c41057
at org.openqa.selenium.remote.http.W3CHttpResponseCodec.createException(W3CHttpResponseCodec.java:187)
at org.openqa.selenium.remote.http.W3CHttpResponseCodec.decode(W3CHttpResponseCodec.java:122)
at org.openqa.selenium.remote.http.W3CHttpResponseCodec.decode(W3CHttpResponseCodec.java:49)
at org.openqa.selenium.remote.HttpCommandExecutor.execute(HttpCommandExecutor.java:158)
at org.openqa.selenium.remote.service.DriverCommandExecutor.execute(DriverCommandExecutor.java:83)
at org.openqa.selenium.remote.RemoteWebDriver.execute(RemoteWebDriver.java:552)
at org.openqa.selenium.remote.RemoteWebElement.execute(RemoteWebElement.java:285)
at org.openqa.selenium.remote.RemoteWebElement.click(RemoteWebElement.java:84)
at com.webtest.core.WebDriverEngine.click(Unknown Source)
at com.webtest.demo.PhoneMenuSetting.openPhoneMenuSetting(Unknown Source)
at com.webtest.demo.PhoneMenuSetting.addPhoneBtn(Unknown Source)
at java.util.ArrayList.forEach(Unknown Source)
... Removed 30 stack frames]]>
    </failure>
  </testcase> <!-- addPhoneBtn -->
  <testcase name="deletePhoneBtn" time="0.018" classname="com.webtest.demo.PhoneMenuSetting">
    <failure type="org.openqa.selenium.ElementClickInterceptedException" message="Element &amp;lt;button class=&amp;quot;btn btn-outline-light border-none dropdown-toggle menu-position-destroy&amp;quot; type=&amp;quot;button&amp;quot;&amp;gt; is not clickable at point (384,25) because another element &amp;lt;div class=&amp;quot;alertify-bg position-fixed h-100 w-100 bg-dark&amp;quot;&amp;gt; obscures it
Build info: version: &amp;apos;3.141.59&amp;apos;, revision: &amp;apos;e82be7d358&amp;apos;, time: &amp;apos;2018-11-14T08:25:53&amp;apos;
System info: host: &amp;apos;DESKTOP-TNDKL02&amp;apos;, ip: &amp;apos;10.7.86.177&amp;apos;, os.name: &amp;apos;Windows 10&amp;apos;, os.arch: &amp;apos;amd64&amp;apos;, os.version: &amp;apos;10.0&amp;apos;, java.version: &amp;apos;1.8.0_212&amp;apos;
Driver info: org.openqa.selenium.firefox.FirefoxDriver
Capabilities {acceptInsecureCerts: true, browserName: firefox, browserVersion: 75.0, javascriptEnabled: true, moz:accessibilityChecks: false, moz:buildID: 20200403170909, moz:geckodriverVersion: 0.24.0, moz:headless: false, moz:processID: 20600, moz:profile: C:\Users\dell\AppData\Local..., moz:shutdownTimeout: 60000, moz:useNonSpecCompliantPointerOrigin: false, moz:webdriverClick: true, pageLoadStrategy: normal, platform: WINDOWS, platformName: WINDOWS, platformVersion: 10.0, rotatable: false, setWindowRect: true, strictFileInteractability: false, timeouts: {implicit: 0, pageLoad: 300000, script: 30000}, unhandledPromptBehavior: dismiss and notify}
Session ID: efaf1e12-7a66-4d24-a764-6e1991c41057">
      <![CDATA[org.openqa.selenium.ElementClickInterceptedException: Element <button class="btn btn-outline-light border-none dropdown-toggle menu-position-destroy" type="button"> is not clickable at point (384,25) because another element <div class="alertify-bg position-fixed h-100 w-100 bg-dark"> obscures it
Build info: version: '3.141.59', revision: 'e82be7d358', time: '2018-11-14T08:25:53'
System info: host: 'DESKTOP-TNDKL02', ip: '10.7.86.177', os.name: 'Windows 10', os.arch: 'amd64', os.version: '10.0', java.version: '1.8.0_212'
Driver info: org.openqa.selenium.firefox.FirefoxDriver
Capabilities {acceptInsecureCerts: true, browserName: firefox, browserVersion: 75.0, javascriptEnabled: true, moz:accessibilityChecks: false, moz:buildID: 20200403170909, moz:geckodriverVersion: 0.24.0, moz:headless: false, moz:processID: 20600, moz:profile: C:\Users\dell\AppData\Local..., moz:shutdownTimeout: 60000, moz:useNonSpecCompliantPointerOrigin: false, moz:webdriverClick: true, pageLoadStrategy: normal, platform: WINDOWS, platformName: WINDOWS, platformVersion: 10.0, rotatable: false, setWindowRect: true, strictFileInteractability: false, timeouts: {implicit: 0, pageLoad: 300000, script: 30000}, unhandledPromptBehavior: dismiss and notify}
Session ID: efaf1e12-7a66-4d24-a764-6e1991c41057
at org.openqa.selenium.remote.http.W3CHttpResponseCodec.createException(W3CHttpResponseCodec.java:187)
at org.openqa.selenium.remote.http.W3CHttpResponseCodec.decode(W3CHttpResponseCodec.java:122)
at org.openqa.selenium.remote.http.W3CHttpResponseCodec.decode(W3CHttpResponseCodec.java:49)
at org.openqa.selenium.remote.HttpCommandExecutor.execute(HttpCommandExecutor.java:158)
at org.openqa.selenium.remote.service.DriverCommandExecutor.execute(DriverCommandExecutor.java:83)
at org.openqa.selenium.remote.RemoteWebDriver.execute(RemoteWebDriver.java:552)
at org.openqa.selenium.remote.RemoteWebElement.execute(RemoteWebElement.java:285)
at org.openqa.selenium.remote.RemoteWebElement.click(RemoteWebElement.java:84)
at com.webtest.core.WebDriverEngine.click(Unknown Source)
at com.webtest.demo.PhoneMenuSetting.openPhoneMenuSetting(Unknown Source)
at com.webtest.demo.PhoneMenuSetting.deletePhoneBtn(Unknown Source)
at java.util.ArrayList.forEach(Unknown Source)
... Removed 30 stack frames]]>
    </failure>
  </testcase> <!-- deletePhoneBtn -->
  <testcase name="siteInfoSetting1" time="42.408" classname="com.webtest.demo.NowPageSetting"/>
  <testcase name="siteInfoSetting1" time="42.432" classname="com.webtest.demo.NowPageSetting"/>
  <testcase name="otherImg" time="21.17" classname="com.webtest.demo.NowPageSetting"/>
  <testcase name="localImg" time="19.485" classname="com.webtest.demo.NowPageSetting"/>
  <testcase name="localImg" time="19.35" classname="com.webtest.demo.NowPageSetting"/>
  <testcase name="setBottomInf" time="16.71" classname="com.webtest.demo.NowPageSetting"/>
  <testcase name="setBottomOtherInf" time="19.488" classname="com.webtest.demo.NowPageSetting"/>
  <testcase name="setTextStyle" time="19.685" classname="com.webtest.demo.NowPageSetting"/>
  <testcase name="setPutDown" time="36.311" classname="com.webtest.demo.TopSetting">
    <failure type="java.lang.AssertionError" message="expected [false] but found [true]">
      <![CDATA[java.lang.AssertionError: expected [false] but found [true]
at com.webtest.demo.TopSetting.setPutDown(Unknown Source)
at java.util.ArrayList.forEach(Unknown Source)
... Removed 31 stack frames]]>
    </failure>
  </testcase> <!-- setPutDown -->
  <testcase name="languagePosition" time="14.916" classname="com.webtest.demo.TopSetting"/>
  <testcase name="nationalFlagSetting" time="5.187" classname="com.webtest.demo.TopSetting"/>
  <testcase name="editHomePageName" time="17.469" classname="com.webtest.demo.TopSetting"/>
  <testcase name="editData" time="39.957" classname="com.webtest.demo.DataDownload"/>
  <testcase name="visitNum" time="36.044" classname="com.webtest.demo.DataDownload"/>
  <testcase name="dataCopy" time="40.304" classname="com.webtest.demo.DataDownload">
    <failure type="java.lang.AssertionError" message="expected [3] but found [4]">
      <![CDATA[java.lang.AssertionError: expected [3] but found [4]
at com.webtest.demo.DataDownload.dataCopy(Unknown Source)
at java.util.ArrayList.forEach(Unknown Source)
... Removed 31 stack frames]]>
    </failure>
  </testcase> <!-- dataCopy -->
  <testcase name="addData" time="3.573" classname="com.webtest.demo.DataDownload">
    <failure type="java.lang.IndexOutOfBoundsException" message="Index: 2, Size: 0">
      <![CDATA[java.lang.IndexOutOfBoundsException: Index: 2, Size: 0
at java.util.ArrayList.rangeCheck(Unknown Source)
at java.util.ArrayList.get(Unknown Source)
at com.webtest.demo.DataDownload.addData(Unknown Source)
at java.util.ArrayList.forEach(Unknown Source)
... Removed 26 stack frames]]>
    </failure>
  </testcase> <!-- addData -->
  <testcase name="deleteData" time="6.532" classname="com.webtest.demo.DataDownload">
    <failure type="java.lang.NullPointerException" message="null value in entry: id=null">
      <![CDATA[java.lang.NullPointerException: null value in entry: id=null
at com.google.common.collect.CollectPreconditions.checkEntryNotNull(CollectPreconditions.java:32)
at com.google.common.collect.SingletonImmutableBiMap.<init>(SingletonImmutableBiMap.java:42)
at com.google.common.collect.ImmutableBiMap.of(ImmutableBiMap.java:72)
at com.google.common.collect.ImmutableMap.of(ImmutableMap.java:124)
at org.openqa.selenium.remote.RemoteWebDriver$RemoteTargetLocator.frame(RemoteWebDriver.java:892)
at com.webtest.core.WebDriverEngine.enterFrame1(Unknown Source)
at com.webtest.demo.DataDownload.deleteData(Unknown Source)
at java.util.ArrayList.forEach(Unknown Source)
... Removed 26 stack frames]]>
    </failure>
  </testcase> <!-- deleteData -->
  <testcase name="@AfterSuite mailUtil" time="0.0" classname="com.webtest.core.BaseTest">
    <ignored/>
  </testcase> <!-- @AfterSuite mailUtil -->
  <testcase name="@AfterSuite mailUtil" time="0.0" classname="com.webtest.core.BaseTest">
    <ignored/>
  </testcase> <!-- @AfterSuite mailUtil -->
  <testcase name="@AfterSuite mailUtil" time="0.0" classname="com.webtest.core.BaseTest">
    <ignored/>
  </testcase> <!-- @AfterSuite mailUtil -->
  <testcase name="@AfterSuite mailUtil" time="0.0" classname="com.webtest.core.BaseTest">
    <ignored/>
  </testcase> <!-- @AfterSuite mailUtil -->
  <testcase name="@AfterSuite mailUtil" time="0.0" classname="com.webtest.core.BaseTest">
    <ignored/>
  </testcase> <!-- @AfterSuite mailUtil -->
  <testcase name="@AfterSuite mailUtil" time="0.0" classname="com.webtest.core.BaseTest">
    <ignored/>
  </testcase> <!-- @AfterSuite mailUtil -->
</testsuite> <!-- all -->
