<?xml version="1.0" encoding="UTF-8"?>
<!-- Generated by org.testng.reporters.JUnitXMLReporter -->
<testsuite hostname="XiongBeauty" ignored="0" name="t2" tests="50" failures="4" timestamp="2020-12-09T10:29:44 CST" time="876.767" errors="0">
  <testcase name="testBackLogin" time="12.685" classname="com.webtest.core.BaseTest"/>
  <testcase name="testLogin" time="16.582" classname="com.webtest.core.BaseTest"/>
  <testcase name="DropdownList_Show" time="10.693" classname="com.webtest.demo.Drop_down_list"/>
  <testcase name="DropdownList_MediaEdit" time="9.652" classname="com.webtest.demo.Drop_down_list"/>
  <testcase name="DropdownList_IndustryEdit" time="2.074" classname="com.webtest.demo.Drop_down_list"/>
  <testcase name="DropdownList_CorporateEdit" time="13.625" classname="com.webtest.demo.Drop_down_list"/>
  <testcase name="DropdownList_MediaNavigation_Head" time="17.639" classname="com.webtest.demo.Drop_down_list"/>
  <testcase name="DropdownList_CorporateNavigation_Head" time="17.667" classname="com.webtest.demo.Drop_down_list"/>
  <testcase name="DropdownList_IndustryNavigation_Head" time="17.716" classname="com.webtest.demo.Drop_down_list"/>
  <testcase name="DropdownList_MediaNavigation_Bottom" time="17.72" classname="com.webtest.demo.Drop_down_list"/>
  <testcase name="DropdownList_CorporateNavigation_Bottom" time="17.746" classname="com.webtest.demo.Drop_down_list"/>
  <testcase name="DropdownList_IndustryNavigation_Bottom" time="17.735" classname="com.webtest.demo.Drop_down_list"/>
  <testcase name="DropdownList_MediaNavigation_All" time="17.709" classname="com.webtest.demo.Drop_down_list"/>
  <testcase name="DropdownList_CorporateNavigation_All" time="17.794" classname="com.webtest.demo.Drop_down_list"/>
  <testcase name="DropdownList_IndustryNavigation_All" time="17.737" classname="com.webtest.demo.Drop_down_list"/>
  <testcase name="DropdownList_MediaNewOpen" time="17.727" classname="com.webtest.demo.Drop_down_list"/>
  <testcase name="DropdownList_CorporateNewOpen" time="17.705" classname="com.webtest.demo.Drop_down_list"/>
  <testcase name="DropdownList_IndustryNewOpen" time="17.774" classname="com.webtest.demo.Drop_down_list"/>
  <testcase name="DropdownList_MediaOrder" time="17.726" classname="com.webtest.demo.Drop_down_list"/>
  <testcase name="DropdownList_CorporateOrder" time="17.729" classname="com.webtest.demo.Drop_down_list"/>
  <testcase name="DropdownList_IndustryOrder" time="17.744" classname="com.webtest.demo.Drop_down_list"/>
  <testcase name="DropdownList_AddChild" time="17.474" classname="com.webtest.demo.Drop_down_list"/>
  <testcase name="DropdownList_AddChild1" time="17.553" classname="com.webtest.demo.Drop_down_list"/>
  <testcase name="DropdownList_AddChild_child" time="19.921" classname="com.webtest.demo.Drop_down_list"/>
  <testcase name="DropdownList_up" time="22.047" classname="com.webtest.demo.Drop_down_list"/>
  <testcase name="DropdownList_Move" time="17.842" classname="com.webtest.demo.Drop_down_list"/>
  <testcase name="DropdownList_Delete" time="20.695" classname="com.webtest.demo.Drop_down_list"/>
  <testcase name="DropdownList_EditAll" time="16.893" classname="com.webtest.demo.Drop_down_list"/>
  <testcase name="DropdownList_EditMedia" time="25.286" classname="com.webtest.demo.Drop_down_list"/>
  <testcase name="DropdownList_EditIndustry" time="25.511" classname="com.webtest.demo.Drop_down_list"/>
  <testcase name="DropdownList_EditCorporate" time="25.52" classname="com.webtest.demo.Drop_down_list"/>
  <testcase name="DropdownList_Show2" time="3.021" classname="com.webtest.demo.Drop_down_list">
    <failure type="java.lang.NullPointerException" message="null value in entry: id=null">
      <![CDATA[java.lang.NullPointerException: null value in entry: id=null
at com.google.common.collect.CollectPreconditions.checkEntryNotNull(CollectPreconditions.java:32)
at com.google.common.collect.SingletonImmutableBiMap.<init>(SingletonImmutableBiMap.java:42)
at com.google.common.collect.ImmutableBiMap.of(ImmutableBiMap.java:72)
at com.google.common.collect.ImmutableMap.of(ImmutableMap.java:124)
at org.openqa.selenium.remote.RemoteWebDriver$RemoteTargetLocator.frame(RemoteWebDriver.java:892)
at com.webtest.core.WebDriverEngine.enterFrame1(WebDriverEngine.java:67)
at com.webtest.demo.Drop_down_list.DropdownList_Show2(Drop_down_list.java:625)
at java.util.ArrayList.forEach(Unknown Source)
... Removed 27 stack frames]]>
    </failure>
  </testcase> <!-- DropdownList_Show2 -->
  <testcase name="Search_Engines" time="10.732" classname="com.webtest.demo.Drop_down_list"/>
  <testcase name="Search_EnginesSet" time="11.172" classname="com.webtest.demo.Drop_down_list">
    <failure type="java.lang.IndexOutOfBoundsException" message="Index: 0, Size: 0">
      <![CDATA[java.lang.IndexOutOfBoundsException: Index: 0, Size: 0
at java.util.ArrayList.rangeCheck(Unknown Source)
at java.util.ArrayList.get(Unknown Source)
at com.webtest.demo.Drop_down_list.Search_EnginesSet(Drop_down_list.java:664)
at java.util.ArrayList.forEach(Unknown Source)
... Removed 27 stack frames]]>
    </failure>
  </testcase> <!-- Search_EnginesSet -->
  <testcase name="Search_Recommend" time="29.021" classname="com.webtest.demo.Drop_down_list"/>
  <testcase name="Search_CancelRecommend" time="15.764" classname="com.webtest.demo.Drop_down_list"/>
  <testcase name="Search_Topping" time="12.732" classname="com.webtest.demo.Drop_down_list"/>
  <testcase name="Search_CancelTopping" time="17.716" classname="com.webtest.demo.Drop_down_list"/>
  <testcase name="Search_Hide" time="17.719" classname="com.webtest.demo.Drop_down_list"/>
  <testcase name="Search_CancelHide" time="17.753" classname="com.webtest.demo.Drop_down_list"/>
  <testcase name="Search_Copy" time="30.739" classname="com.webtest.demo.Drop_down_list"/>
  <testcase name="Search_CopyEnglish" time="22.208" classname="com.webtest.demo.Drop_down_list"/>
  <testcase name="Search_RecycleBin" time="12.716" classname="com.webtest.demo.Drop_down_list"/>
  <testcase name="Search_RecycleBin_Reduction" time="18.061" classname="com.webtest.demo.Drop_down_list"/>
  <testcase name="Search_Delete_completely" time="28.476" classname="com.webtest.demo.Drop_down_list"/>
  <testcase name="Search_AddWord" time="27.249" classname="com.webtest.demo.Drop_down_list"/>
  <testcase name="Search_EditPicture" time="20.151" classname="com.webtest.demo.Drop_down_list"/>
  <testcase name="Search_EditPicture_Delete" time="0.013" classname="com.webtest.demo.Drop_down_list">
    <failure type="org.openqa.selenium.ElementClickInterceptedException" message="Element &amp;lt;input class=&amp;quot;checkall-item custom-control-input&amp;quot; name=&amp;quot;id&amp;quot; type=&amp;quot;checkbox&amp;quot;&amp;gt; is not clickable at point (277,197) because another element &amp;lt;label class=&amp;quot;form-control-label&amp;quot;&amp;gt; obscures it
Build info: version: &amp;apos;3.141.59&amp;apos;, revision: &amp;apos;e82be7d358&amp;apos;, time: &amp;apos;2018-11-14T08:25:53&amp;apos;
System info: host: &amp;apos;XIONGBEAUTY&amp;apos;, ip: &amp;apos;192.168.137.96&amp;apos;, os.name: &amp;apos;Windows 10&amp;apos;, os.arch: &amp;apos;amd64&amp;apos;, os.version: &amp;apos;10.0&amp;apos;, java.version: &amp;apos;1.8.0_231&amp;apos;
Driver info: org.openqa.selenium.firefox.FirefoxDriver
Capabilities {acceptInsecureCerts: true, browserName: firefox, browserVersion: 82.0.3, javascriptEnabled: true, moz:accessibilityChecks: false, moz:buildID: 20201108180448, moz:geckodriverVersion: 0.28.0, moz:headless: false, moz:processID: 8560, moz:profile: C:\Users\Administrator\AppD..., moz:shutdownTimeout: 60000, moz:useNonSpecCompliantPointerOrigin: false, moz:webdriverClick: true, pageLoadStrategy: normal, platform: WINDOWS, platformName: WINDOWS, platformVersion: 10.0, rotatable: false, setWindowRect: true, strictFileInteractability: false, timeouts: {implicit: 0, pageLoad: 300000, script: 30000}, unhandledPromptBehavior: dismiss and notify}
Session ID: 5a57b429-5ce2-45ac-b737-7d922a55b5e2">
      <![CDATA[org.openqa.selenium.ElementClickInterceptedException: Element <input class="checkall-item custom-control-input" name="id" type="checkbox"> is not clickable at point (277,197) because another element <label class="form-control-label"> obscures it
Build info: version: '3.141.59', revision: 'e82be7d358', time: '2018-11-14T08:25:53'
System info: host: 'XIONGBEAUTY', ip: '192.168.137.96', os.name: 'Windows 10', os.arch: 'amd64', os.version: '10.0', java.version: '1.8.0_231'
Driver info: org.openqa.selenium.firefox.FirefoxDriver
Capabilities {acceptInsecureCerts: true, browserName: firefox, browserVersion: 82.0.3, javascriptEnabled: true, moz:accessibilityChecks: false, moz:buildID: 20201108180448, moz:geckodriverVersion: 0.28.0, moz:headless: false, moz:processID: 8560, moz:profile: C:\Users\Administrator\AppD..., moz:shutdownTimeout: 60000, moz:useNonSpecCompliantPointerOrigin: false, moz:webdriverClick: true, pageLoadStrategy: normal, platform: WINDOWS, platformName: WINDOWS, platformVersion: 10.0, rotatable: false, setWindowRect: true, strictFileInteractability: false, timeouts: {implicit: 0, pageLoad: 300000, script: 30000}, unhandledPromptBehavior: dismiss and notify}
Session ID: 5a57b429-5ce2-45ac-b737-7d922a55b5e2
at org.openqa.selenium.remote.http.W3CHttpResponseCodec.createException(W3CHttpResponseCodec.java:187)
at org.openqa.selenium.remote.http.W3CHttpResponseCodec.decode(W3CHttpResponseCodec.java:122)
at org.openqa.selenium.remote.http.W3CHttpResponseCodec.decode(W3CHttpResponseCodec.java:49)
at org.openqa.selenium.remote.HttpCommandExecutor.execute(HttpCommandExecutor.java:158)
at org.openqa.selenium.remote.service.DriverCommandExecutor.execute(DriverCommandExecutor.java:83)
at org.openqa.selenium.remote.RemoteWebDriver.execute(RemoteWebDriver.java:552)
at org.openqa.selenium.remote.RemoteWebElement.execute(RemoteWebElement.java:285)
at org.openqa.selenium.remote.RemoteWebElement.click(RemoteWebElement.java:84)
at com.webtest.core.WebDriverEngine.click(WebDriverEngine.java:150)
at com.webtest.demo.Drop_down_list.Search_EditPicture_Delete(Drop_down_list.java:1095)
at java.util.ArrayList.forEach(Unknown Source)
... Removed 31 stack frames]]>
    </failure>
  </testcase> <!-- Search_EditPicture_Delete -->
  <testcase name="Search_AddPicture" time="2.911" classname="com.webtest.demo.Drop_down_list">
    <failure type="java.lang.IllegalArgumentException" message="Must provide a location for a move action.">
      <![CDATA[java.lang.IllegalArgumentException: Must provide a location for a move action.
at org.openqa.selenium.interactions.MoveMouseAction.<init>(MoveMouseAction.java:37)
at org.openqa.selenium.interactions.Actions.moveToElement(Actions.java:386)
at com.webtest.core.WebDriverEngine.mouseToElement(WebDriverEngine.java:266)
at com.webtest.demo.Drop_down_list.Search_AddPicture(Drop_down_list.java:995)
at java.util.ArrayList.forEach(Unknown Source)
... Removed 27 stack frames]]>
    </failure>
  </testcase> <!-- Search_AddPicture -->
  <testcase name="DropdownList_English" time="32.752" classname="com.webtest.demo.Drop_down_list"/>
</testsuite> <!-- t2 -->
