<?xml version="1.0" encoding="UTF-8"?>
<!-- Generated by org.testng.reporters.JUnitXMLReporter -->
<testsuite hostname="LAPTOP-DDFJPIK8" ignored="10" name="test" tests="50" failures="2" timestamp="2020-12-03T16:48:00 CST" time="1971.807" errors="0">
  <testcase name="testEdit1" time="13.474" classname="com.bxx.test.KehuanliEditTest"/>
  <testcase name="testEdit2" time="10.214" classname="com.bxx.test.KehuanliEditTest"/>
  <testcase name="testEdit3" time="13.28" classname="com.bxx.test.KehuanliEditTest"/>
  <testcase name="testEditAdd10" time="30.072" classname="com.bxx.test.KehuanliEditTest"/>
  <testcase name="testEditAdd4" time="16.729" classname="com.bxx.test.KehuanliEditTest"/>
  <testcase name="testEditAdd5" time="30.358" classname="com.bxx.test.KehuanliEditTest"/>
  <testcase name="testEditAdd6" time="23.685" classname="com.bxx.test.KehuanliEditTest"/>
  <testcase name="testEditAdd7" time="33.163" classname="com.bxx.test.KehuanliEditTest"/>
  <testcase name="testEditAdd8" time="32.349" classname="com.bxx.test.KehuanliEditTest"/>
  <testcase name="testEditAdd9" time="30.001" classname="com.bxx.test.KehuanliEditTest"/>
  <testcase name="test2" time="15.225" classname="com.bxx.test.JoinuspageTest"/>
  <testcase name="test3" time="15.953" classname="com.bxx.test.JoinuspageTest"/>
  <testcase name="test4" time="16.766" classname="com.bxx.test.JoinuspageTest"/>
  <testcase name="text1" time="15.419" classname="com.bxx.test.JoinuspageTest"/>
  <testcase name="test1" time="7.111" classname="com.bxx.test.JoinusjianliTest"/>
  <testcase name="test10" time="18.516" classname="com.bxx.test.JoinusjianliTest"/>
  <testcase name="test11" time="6.84" classname="com.bxx.test.JoinusjianliTest"/>
  <testcase name="test2" time="7.138" classname="com.bxx.test.JoinusjianliTest"/>
  <testcase name="test3" time="15.232" classname="com.bxx.test.JoinusjianliTest"/>
  <testcase name="test4" time="13.341" classname="com.bxx.test.JoinusjianliTest"/>
  <testcase name="test5" time="13.6" classname="com.bxx.test.JoinusjianliTest"/>
  <testcase name="test6" time="16.955" classname="com.bxx.test.JoinusjianliTest"/>
  <testcase name="test7" time="10.256" classname="com.bxx.test.JoinusjianliTest"/>
  <testcase name="test8" time="10.258" classname="com.bxx.test.JoinusjianliTest"/>
  <testcase name="test9" time="23.603" classname="com.bxx.test.JoinusjianliTest"/>
  <testcase name="test1" time="10.024" classname="com.bxx.test.JoinusjobTest"/>
  <testcase name="test10" time="6.7" classname="com.bxx.test.JoinusjobTest"/>
  <testcase name="test11" time="20.151" classname="com.bxx.test.JoinusjobTest"/>
  <testcase name="test12" time="11.545" classname="com.bxx.test.JoinusjobTest"/>
  <testcase name="test13" time="14.926" classname="com.bxx.test.JoinusjobTest"/>
  <testcase name="test14" time="6.684" classname="com.bxx.test.JoinusjobTest">
    <failure type="org.openqa.selenium.ElementClickInterceptedException" message="Element &amp;lt;button class=&amp;quot;btn btn-default&amp;quot; type=&amp;quot;button&amp;quot;&amp;gt; is not clickable at point (357,650) because another element &amp;lt;div class=&amp;quot;modal fade met-scrollbar met-modal  job-details-modal show&amp;quot;&amp;gt; obscures it
Build info: version: &amp;apos;3.141.59&amp;apos;, revision: &amp;apos;e82be7d358&amp;apos;, time: &amp;apos;2018-11-14T08:25:53&amp;apos;
System info: host: &amp;apos;LAPTOP-DDFJPIK8&amp;apos;, ip: &amp;apos;192.168.56.1&amp;apos;, os.name: &amp;apos;Windows 10&amp;apos;, os.arch: &amp;apos;amd64&amp;apos;, os.version: &amp;apos;10.0&amp;apos;, java.version: &amp;apos;1.8.0_231&amp;apos;
Driver info: org.openqa.selenium.firefox.FirefoxDriver
Capabilities {acceptInsecureCerts: true, browserName: firefox, browserVersion: 74.0, javascriptEnabled: true, moz:accessibilityChecks: false, moz:buildID: 20200309095159, moz:geckodriverVersion: 0.26.0, moz:headless: false, moz:processID: 22140, moz:profile: C:\Users\lenovo\AppData\Loc..., moz:shutdownTimeout: 60000, moz:useNonSpecCompliantPointerOrigin: false, moz:webdriverClick: true, pageLoadStrategy: normal, platform: WINDOWS, platformName: WINDOWS, platformVersion: 10.0, rotatable: false, setWindowRect: true, strictFileInteractability: false, timeouts: {implicit: 0, pageLoad: 300000, script: 30000}, unhandledPromptBehavior: dismiss and notify}
Session ID: 326754bb-3634-48bf-a308-fc81b6a89072">
      <![CDATA[org.openqa.selenium.ElementClickInterceptedException: Element <button class="btn btn-default" type="button"> is not clickable at point (357,650) because another element <div class="modal fade met-scrollbar met-modal  job-details-modal show"> obscures it
Build info: version: '3.141.59', revision: 'e82be7d358', time: '2018-11-14T08:25:53'
System info: host: 'LAPTOP-DDFJPIK8', ip: '192.168.56.1', os.name: 'Windows 10', os.arch: 'amd64', os.version: '10.0', java.version: '1.8.0_231'
Driver info: org.openqa.selenium.firefox.FirefoxDriver
Capabilities {acceptInsecureCerts: true, browserName: firefox, browserVersion: 74.0, javascriptEnabled: true, moz:accessibilityChecks: false, moz:buildID: 20200309095159, moz:geckodriverVersion: 0.26.0, moz:headless: false, moz:processID: 22140, moz:profile: C:\Users\lenovo\AppData\Loc..., moz:shutdownTimeout: 60000, moz:useNonSpecCompliantPointerOrigin: false, moz:webdriverClick: true, pageLoadStrategy: normal, platform: WINDOWS, platformName: WINDOWS, platformVersion: 10.0, rotatable: false, setWindowRect: true, strictFileInteractability: false, timeouts: {implicit: 0, pageLoad: 300000, script: 30000}, unhandledPromptBehavior: dismiss and notify}
Session ID: 326754bb-3634-48bf-a308-fc81b6a89072
at org.openqa.selenium.remote.http.W3CHttpResponseCodec.createException(W3CHttpResponseCodec.java:187)
at org.openqa.selenium.remote.http.W3CHttpResponseCodec.decode(W3CHttpResponseCodec.java:122)
at org.openqa.selenium.remote.http.W3CHttpResponseCodec.decode(W3CHttpResponseCodec.java:49)
at org.openqa.selenium.remote.HttpCommandExecutor.execute(HttpCommandExecutor.java:158)
at org.openqa.selenium.remote.service.DriverCommandExecutor.execute(DriverCommandExecutor.java:83)
at org.openqa.selenium.remote.RemoteWebDriver.execute(RemoteWebDriver.java:552)
at org.openqa.selenium.remote.RemoteWebElement.execute(RemoteWebElement.java:285)
at org.openqa.selenium.remote.RemoteWebElement.click(RemoteWebElement.java:84)
at com.bxx.core.WebDriverEngine.click(WebDriverEngine.java:151)
at com.bxx.test.JoinusjobTest.test14(JoinusjobTest.java:175)
at java.util.ArrayList.forEach(Unknown Source)
... Removed 31 stack frames]]>
    </failure>
  </testcase> <!-- test14 -->
  <testcase name="test15" time="9.744" classname="com.bxx.test.JoinusjobTest"/>
  <testcase name="test16" time="13.098" classname="com.bxx.test.JoinusjobTest"/>
  <testcase name="test2" time="10.209" classname="com.bxx.test.JoinusjobTest"/>
  <testcase name="test3" time="3.515" classname="com.bxx.test.JoinusjobTest"/>
  <testcase name="test4" time="9.959" classname="com.bxx.test.JoinusjobTest"/>
  <testcase name="test5" time="10.452" classname="com.bxx.test.JoinusjobTest"/>
  <testcase name="test6" time="10.711" classname="com.bxx.test.JoinusjobTest"/>
  <testcase name="test7" time="10.227" classname="com.bxx.test.JoinusjobTest"/>
  <testcase name="test8" time="10.282" classname="com.bxx.test.JoinusjobTest"/>
  <testcase name="test9" time="6.778" classname="com.bxx.test.JoinusjobTest"/>
  <testcase name="test1" time="23.615" classname="com.bxx.test.JoinuszhaopinTest"/>
  <testcase name="test2" time="6.83" classname="com.bxx.test.JoinuszhaopinTest"/>
  <testcase name="test3" time="6.807" classname="com.bxx.test.JoinuszhaopinTest"/>
  <testcase name="test5" time="13.784" classname="com.bxx.test.kehuanliPageTest"/>
  <testcase name="testBanner1" time="11.403" classname="com.bxx.test.kehuanliPageTest"/>
  <testcase name="testEditDelete6" time="72.433" classname="com.bxx.test.kehuanliPageTest"/>
  <testcase name="testSearch2" time="4.694" classname="com.bxx.test.kehuanliPageTest"/>
  <testcase name="testSwitch3" time="13.181" classname="com.bxx.test.kehuanliPageTest"/>
  <testcase name="test4" time="0.02" classname="com.bxx.test.kehuanliPageTest">
    <failure type="java.lang.IndexOutOfBoundsException" message="Index: 4, Size: 4">
      <![CDATA[java.lang.IndexOutOfBoundsException: Index: 4, Size: 4
at java.util.ArrayList.rangeCheck(Unknown Source)
at java.util.ArrayList.get(Unknown Source)
at com.bxx.test.kehuanliPageTest.test4(kehuanliPageTest.java:58)
at java.util.ArrayList.forEach(Unknown Source)
... Removed 27 stack frames]]>
    </failure>
  </testcase> <!-- test4 -->
  <testcase name="@AfterSuite end" time="0.0" classname="com.bxx.test.BaseTest">
    <ignored/>
  </testcase> <!-- @AfterSuite end -->
  <testcase name="@AfterSuite end" time="0.0" classname="com.bxx.test.BaseTest">
    <ignored/>
  </testcase> <!-- @AfterSuite end -->
  <testcase name="@AfterSuite end" time="0.0" classname="com.bxx.test.BaseTest">
    <ignored/>
  </testcase> <!-- @AfterSuite end -->
  <testcase name="@AfterSuite end" time="0.0" classname="com.bxx.test.BaseTest">
    <ignored/>
  </testcase> <!-- @AfterSuite end -->
  <testcase name="@AfterSuite end" time="0.0" classname="com.bxx.test.BaseTest">
    <ignored/>
  </testcase> <!-- @AfterSuite end -->
  <testcase name="@BeforeTest addListener" time="0.0" classname="com.bxx.test.BaseTest">
    <ignored/>
  </testcase> <!-- @BeforeTest addListener -->
  <testcase name="@BeforeTest addListener" time="0.0" classname="com.bxx.test.BaseTest">
    <ignored/>
  </testcase> <!-- @BeforeTest addListener -->
  <testcase name="@BeforeTest addListener" time="0.0" classname="com.bxx.test.BaseTest">
    <ignored/>
  </testcase> <!-- @BeforeTest addListener -->
  <testcase name="@BeforeTest addListener" time="0.0" classname="com.bxx.test.BaseTest">
    <ignored/>
  </testcase> <!-- @BeforeTest addListener -->
  <testcase name="@BeforeTest addListener" time="0.0" classname="com.bxx.test.BaseTest">
    <ignored/>
  </testcase> <!-- @BeforeTest addListener -->
</testsuite> <!-- test -->
